[22-Mar-2024 20:08:52 UTC] PHP Warning:  Module "mysqli" is already loaded in Unknown on line 0
[22-Mar-2024 20:08:52 UTC] PHP Warning:  PHP Startup: Unable to load dynamic library 'pdo_firebird' (tried: ext\pdo_firebird (The specified module could not be found), ext\php_pdo_firebird.dll (The specified module could not be found)) in Unknown on line 0
[22-Mar-2024 20:08:52 UTC] PHP Warning:  PHP Startup: Unable to load dynamic library 'pdo_oci' (tried: ext\pdo_oci (The specified module could not be found), ext\php_pdo_oci.dll (The specified module could not be found)) in Unknown on line 0
[22-Mar-2024 20:08:52 UTC] PHP Warning:  PHP Startup: Unable to load dynamic library 'pdo' (tried: ext\pdo (The specified module could not be found), ext\php_pdo.dll (The specified module could not be found)) in Unknown on line 0
[22-Mar-2024 20:08:52 UTC] PHP Warning:  PHP Startup: Unable to load dynamic library 'php_imagick.dll' (tried: ext\php_imagick.dll (The specified module could not be found), ext\php_php_imagick.dll.dll (The specified module could not be found)) in Unknown on line 0
[22-Mar-2024 20:19:48 UTC] PHP Warning:  Module "mysqli" is already loaded in Unknown on line 0
[22-Mar-2024 20:19:48 UTC] PHP Warning:  PHP Startup: Unable to load dynamic library 'pdo_firebird' (tried: ext\pdo_firebird (The specified module could not be found), ext\php_pdo_firebird.dll (The specified module could not be found)) in Unknown on line 0
[22-Mar-2024 20:19:48 UTC] PHP Warning:  PHP Startup: Unable to load dynamic library 'pdo_oci' (tried: ext\pdo_oci (The specified module could not be found), ext\php_pdo_oci.dll (The specified module could not be found)) in Unknown on line 0
[22-Mar-2024 20:19:48 UTC] PHP Warning:  PHP Startup: Unable to load dynamic library 'pdo' (tried: ext\pdo (The specified module could not be found), ext\php_pdo.dll (The specified module could not be found)) in Unknown on line 0
[22-Mar-2024 20:19:48 UTC] PHP Warning:  PHP Startup: Unable to load dynamic library 'php_imagick.dll' (tried: ext\php_imagick.dll (The specified module could not be found), ext\php_php_imagick.dll.dll (The specified module could not be found)) in Unknown on line 0
[22-Mar-2024 20:19:48 UTC] PHP Warning:  Module "mysqli" is already loaded in Unknown on line 0
[22-Mar-2024 20:19:48 UTC] PHP Warning:  PHP Startup: Unable to load dynamic library 'pdo_firebird' (tried: ext\pdo_firebird (The specified module could not be found), ext\php_pdo_firebird.dll (The specified module could not be found)) in Unknown on line 0
[22-Mar-2024 20:19:48 UTC] PHP Warning:  PHP Startup: Unable to load dynamic library 'pdo_oci' (tried: ext\pdo_oci (The specified module could not be found), ext\php_pdo_oci.dll (The specified module could not be found)) in Unknown on line 0
[22-Mar-2024 20:19:48 UTC] PHP Warning:  PHP Startup: Unable to load dynamic library 'pdo' (tried: ext\pdo (The specified module could not be found), ext\php_pdo.dll (The specified module could not be found)) in Unknown on line 0
[22-Mar-2024 20:19:48 UTC] PHP Warning:  PHP Startup: Unable to load dynamic library 'php_imagick.dll' (tried: ext\php_imagick.dll (The specified module could not be found), ext\php_php_imagick.dll.dll (The specified module could not be found)) in Unknown on line 0
[22-Mar-2024 20:20:05 UTC] PHP Warning:  Module "mysqli" is already loaded in Unknown on line 0
[22-Mar-2024 20:20:05 UTC] PHP Warning:  PHP Startup: Unable to load dynamic library 'pdo_firebird' (tried: ext\pdo_firebird (The specified module could not be found), ext\php_pdo_firebird.dll (The specified module could not be found)) in Unknown on line 0
[22-Mar-2024 20:20:05 UTC] PHP Warning:  PHP Startup: Unable to load dynamic library 'pdo_oci' (tried: ext\pdo_oci (The specified module could not be found), ext\php_pdo_oci.dll (The specified module could not be found)) in Unknown on line 0
[22-Mar-2024 20:20:05 UTC] PHP Warning:  PHP Startup: Unable to load dynamic library 'pdo' (tried: ext\pdo (The specified module could not be found), ext\php_pdo.dll (The specified module could not be found)) in Unknown on line 0
[22-Mar-2024 20:20:05 UTC] PHP Warning:  PHP Startup: Unable to load dynamic library 'php_imagick.dll' (tried: ext\php_imagick.dll (The specified module could not be found), ext\php_php_imagick.dll.dll (The specified module could not be found)) in Unknown on line 0
[22-Mar-2024 20:20:05 UTC] PHP Warning:  Module "mysqli" is already loaded in Unknown on line 0
[22-Mar-2024 20:20:05 UTC] PHP Warning:  PHP Startup: Unable to load dynamic library 'pdo_firebird' (tried: ext\pdo_firebird (The specified module could not be found), ext\php_pdo_firebird.dll (The specified module could not be found)) in Unknown on line 0
[22-Mar-2024 20:20:05 UTC] PHP Warning:  PHP Startup: Unable to load dynamic library 'pdo_oci' (tried: ext\pdo_oci (The specified module could not be found), ext\php_pdo_oci.dll (The specified module could not be found)) in Unknown on line 0
[22-Mar-2024 20:20:05 UTC] PHP Warning:  PHP Startup: Unable to load dynamic library 'pdo' (tried: ext\pdo (The specified module could not be found), ext\php_pdo.dll (The specified module could not be found)) in Unknown on line 0
[22-Mar-2024 20:20:05 UTC] PHP Warning:  PHP Startup: Unable to load dynamic library 'php_imagick.dll' (tried: ext\php_imagick.dll (The specified module could not be found), ext\php_php_imagick.dll.dll (The specified module could not be found)) in Unknown on line 0
[22-Mar-2024 20:20:38 UTC] PHP Warning:  Module "mysqli" is already loaded in Unknown on line 0
[22-Mar-2024 20:20:38 UTC] PHP Warning:  PHP Startup: Unable to load dynamic library 'pdo_firebird' (tried: ext\pdo_firebird (The specified module could not be found), ext\php_pdo_firebird.dll (The specified module could not be found)) in Unknown on line 0
[22-Mar-2024 20:20:38 UTC] PHP Warning:  PHP Startup: Unable to load dynamic library 'pdo_oci' (tried: ext\pdo_oci (The specified module could not be found), ext\php_pdo_oci.dll (The specified module could not be found)) in Unknown on line 0
[22-Mar-2024 20:20:38 UTC] PHP Warning:  PHP Startup: Unable to load dynamic library 'pdo' (tried: ext\pdo (The specified module could not be found), ext\php_pdo.dll (The specified module could not be found)) in Unknown on line 0
[22-Mar-2024 20:20:38 UTC] PHP Warning:  PHP Startup: Unable to load dynamic library 'php_imagick.dll' (tried: ext\php_imagick.dll (The specified module could not be found), ext\php_php_imagick.dll.dll (The specified module could not be found)) in Unknown on line 0
[22-Mar-2024 20:20:38 UTC] PHP Warning:  Module "mysqli" is already loaded in Unknown on line 0
[22-Mar-2024 20:20:38 UTC] PHP Warning:  PHP Startup: Unable to load dynamic library 'pdo_firebird' (tried: ext\pdo_firebird (The specified module could not be found), ext\php_pdo_firebird.dll (The specified module could not be found)) in Unknown on line 0
[22-Mar-2024 20:20:38 UTC] PHP Warning:  PHP Startup: Unable to load dynamic library 'pdo_oci' (tried: ext\pdo_oci (The specified module could not be found), ext\php_pdo_oci.dll (The specified module could not be found)) in Unknown on line 0
[22-Mar-2024 20:20:38 UTC] PHP Warning:  PHP Startup: Unable to load dynamic library 'pdo' (tried: ext\pdo (The specified module could not be found), ext\php_pdo.dll (The specified module could not be found)) in Unknown on line 0
[22-Mar-2024 20:20:38 UTC] PHP Warning:  PHP Startup: Unable to load dynamic library 'php_imagick.dll' (tried: ext\php_imagick.dll (The specified module could not be found), ext\php_php_imagick.dll.dll (The specified module could not be found)) in Unknown on line 0
[22-Mar-2024 21:02:44 UTC] PHP Warning:  Module "mysqli" is already loaded in Unknown on line 0
[22-Mar-2024 21:02:44 UTC] PHP Warning:  PHP Startup: Unable to load dynamic library 'pdo_firebird' (tried: ext\pdo_firebird (The specified module could not be found), ext\php_pdo_firebird.dll (The specified module could not be found)) in Unknown on line 0
[22-Mar-2024 21:02:44 UTC] PHP Warning:  PHP Startup: Unable to load dynamic library 'pdo_oci' (tried: ext\pdo_oci (The specified module could not be found), ext\php_pdo_oci.dll (The specified module could not be found)) in Unknown on line 0
[22-Mar-2024 21:02:44 UTC] PHP Warning:  PHP Startup: Unable to load dynamic library 'pdo' (tried: ext\pdo (The specified module could not be found), ext\php_pdo.dll (The specified module could not be found)) in Unknown on line 0
[22-Mar-2024 21:10:58 UTC] PHP Warning:  Module "mysqli" is already loaded in Unknown on line 0
[22-Mar-2024 21:10:58 UTC] PHP Warning:  PHP Startup: Unable to load dynamic library 'pdo_firebird' (tried: ext\pdo_firebird (The specified module could not be found), ext\php_pdo_firebird.dll (The specified module could not be found)) in Unknown on line 0
[22-Mar-2024 21:10:58 UTC] PHP Warning:  PHP Startup: Unable to load dynamic library 'pdo_oci' (tried: ext\pdo_oci (The specified module could not be found), ext\php_pdo_oci.dll (The specified module could not be found)) in Unknown on line 0
[22-Mar-2024 21:10:58 UTC] PHP Warning:  PHP Startup: Unable to load dynamic library 'pdo' (tried: ext\pdo (The specified module could not be found), ext\php_pdo.dll (The specified module could not be found)) in Unknown on line 0
[22-Mar-2024 21:21:15 UTC] PHP Warning:  Module "mysqli" is already loaded in Unknown on line 0
[22-Mar-2024 21:21:15 UTC] PHP Warning:  PHP Startup: Unable to load dynamic library 'pdo_firebird' (tried: ext\pdo_firebird (The specified module could not be found), ext\php_pdo_firebird.dll (The specified module could not be found)) in Unknown on line 0
[22-Mar-2024 21:21:15 UTC] PHP Warning:  PHP Startup: Unable to load dynamic library 'pdo_oci' (tried: ext\pdo_oci (The specified module could not be found), ext\php_pdo_oci.dll (The specified module could not be found)) in Unknown on line 0
[22-Mar-2024 21:21:15 UTC] PHP Warning:  PHP Startup: Unable to load dynamic library 'pdo' (tried: ext\pdo (The specified module could not be found), ext\php_pdo.dll (The specified module could not be found)) in Unknown on line 0
[22-Mar-2024 21:25:23 UTC] PHP Warning:  Module "mysqli" is already loaded in Unknown on line 0
[22-Mar-2024 21:25:23 UTC] PHP Warning:  PHP Startup: Unable to load dynamic library 'pdo_firebird' (tried: ext\pdo_firebird (The specified module could not be found), ext\php_pdo_firebird.dll (The specified module could not be found)) in Unknown on line 0
[22-Mar-2024 21:25:23 UTC] PHP Warning:  PHP Startup: Unable to load dynamic library 'pdo_oci' (tried: ext\pdo_oci (The specified module could not be found), ext\php_pdo_oci.dll (The specified module could not be found)) in Unknown on line 0
[22-Mar-2024 21:25:23 UTC] PHP Warning:  PHP Startup: Unable to load dynamic library 'pdo' (tried: ext\pdo (The specified module could not be found), ext\php_pdo.dll (The specified module could not be found)) in Unknown on line 0
[22-Mar-2024 21:25:43 UTC] PHP Warning:  Module "mysqli" is already loaded in Unknown on line 0
[22-Mar-2024 21:25:43 UTC] PHP Warning:  PHP Startup: Unable to load dynamic library 'pdo_firebird' (tried: ext\pdo_firebird (The specified module could not be found), ext\php_pdo_firebird.dll (The specified module could not be found)) in Unknown on line 0
[22-Mar-2024 21:25:43 UTC] PHP Warning:  PHP Startup: Unable to load dynamic library 'pdo_oci' (tried: ext\pdo_oci (The specified module could not be found), ext\php_pdo_oci.dll (The specified module could not be found)) in Unknown on line 0
[22-Mar-2024 21:25:43 UTC] PHP Warning:  PHP Startup: Unable to load dynamic library 'pdo' (tried: ext\pdo (The specified module could not be found), ext\php_pdo.dll (The specified module could not be found)) in Unknown on line 0
[22-Mar-2024 21:30:04 UTC] PHP Warning:  Module "mysqli" is already loaded in Unknown on line 0
[22-Mar-2024 21:30:04 UTC] PHP Warning:  PHP Startup: Unable to load dynamic library 'pdo_firebird' (tried: ext\pdo_firebird (The specified module could not be found), ext\php_pdo_firebird.dll (The specified module could not be found)) in Unknown on line 0
[22-Mar-2024 21:30:04 UTC] PHP Warning:  PHP Startup: Unable to load dynamic library 'pdo_oci' (tried: ext\pdo_oci (The specified module could not be found), ext\php_pdo_oci.dll (The specified module could not be found)) in Unknown on line 0
[22-Mar-2024 21:30:04 UTC] PHP Warning:  PHP Startup: Unable to load dynamic library 'pdo' (tried: ext\pdo (The specified module could not be found), ext\php_pdo.dll (The specified module could not be found)) in Unknown on line 0
[22-Mar-2024 21:36:17 UTC] PHP Warning:  Module "mysqli" is already loaded in Unknown on line 0
[22-Mar-2024 21:36:17 UTC] PHP Warning:  PHP Startup: Unable to load dynamic library 'pdo_firebird' (tried: ext\pdo_firebird (The specified module could not be found), ext\php_pdo_firebird.dll (The specified module could not be found)) in Unknown on line 0
[22-Mar-2024 21:36:17 UTC] PHP Warning:  PHP Startup: Unable to load dynamic library 'pdo_oci' (tried: ext\pdo_oci (The specified module could not be found), ext\php_pdo_oci.dll (The specified module could not be found)) in Unknown on line 0
[22-Mar-2024 21:36:17 UTC] PHP Warning:  PHP Startup: Unable to load dynamic library 'pdo' (tried: ext\pdo (The specified module could not be found), ext\php_pdo.dll (The specified module could not be found)) in Unknown on line 0
[22-Mar-2024 21:36:53 UTC] PHP Warning:  Module "mysqli" is already loaded in Unknown on line 0
[22-Mar-2024 21:36:53 UTC] PHP Warning:  PHP Startup: Unable to load dynamic library 'pdo_firebird' (tried: ext\pdo_firebird (The specified module could not be found), ext\php_pdo_firebird.dll (The specified module could not be found)) in Unknown on line 0
[22-Mar-2024 21:36:53 UTC] PHP Warning:  PHP Startup: Unable to load dynamic library 'pdo_oci' (tried: ext\pdo_oci (The specified module could not be found), ext\php_pdo_oci.dll (The specified module could not be found)) in Unknown on line 0
[22-Mar-2024 21:36:53 UTC] PHP Warning:  PHP Startup: Unable to load dynamic library 'pdo' (tried: ext\pdo (The specified module could not be found), ext\php_pdo.dll (The specified module could not be found)) in Unknown on line 0
[22-Mar-2024 21:36:53 UTC] PHP Warning:  Module "mysqli" is already loaded in Unknown on line 0
[22-Mar-2024 21:36:53 UTC] PHP Warning:  PHP Startup: Unable to load dynamic library 'pdo_firebird' (tried: ext\pdo_firebird (The specified module could not be found), ext\php_pdo_firebird.dll (The specified module could not be found)) in Unknown on line 0
[22-Mar-2024 21:36:53 UTC] PHP Warning:  PHP Startup: Unable to load dynamic library 'pdo_oci' (tried: ext\pdo_oci (The specified module could not be found), ext\php_pdo_oci.dll (The specified module could not be found)) in Unknown on line 0
[22-Mar-2024 21:36:53 UTC] PHP Warning:  PHP Startup: Unable to load dynamic library 'pdo' (tried: ext\pdo (The specified module could not be found), ext\php_pdo.dll (The specified module could not be found)) in Unknown on line 0
[22-Mar-2024 21:42:38 UTC] PHP Warning:  Module "mysqli" is already loaded in Unknown on line 0
[22-Mar-2024 21:42:38 UTC] PHP Warning:  PHP Startup: Unable to load dynamic library 'pdo_firebird' (tried: ext\pdo_firebird (The specified module could not be found), ext\php_pdo_firebird.dll (The specified module could not be found)) in Unknown on line 0
[22-Mar-2024 21:42:38 UTC] PHP Warning:  PHP Startup: Unable to load dynamic library 'pdo_oci' (tried: ext\pdo_oci (The specified module could not be found), ext\php_pdo_oci.dll (The specified module could not be found)) in Unknown on line 0
[22-Mar-2024 21:42:38 UTC] PHP Warning:  PHP Startup: Unable to load dynamic library 'pdo' (tried: ext\pdo (The specified module could not be found), ext\php_pdo.dll (The specified module could not be found)) in Unknown on line 0
[22-Mar-2024 22:11:49 UTC] PHP Warning:  Module "mysqli" is already loaded in Unknown on line 0
[22-Mar-2024 22:11:49 UTC] PHP Warning:  PHP Startup: Unable to load dynamic library 'pdo_firebird' (tried: ext\pdo_firebird (The specified module could not be found), ext\php_pdo_firebird.dll (The specified module could not be found)) in Unknown on line 0
[22-Mar-2024 22:11:49 UTC] PHP Warning:  PHP Startup: Unable to load dynamic library 'pdo_oci' (tried: ext\pdo_oci (The specified module could not be found), ext\php_pdo_oci.dll (The specified module could not be found)) in Unknown on line 0
[22-Mar-2024 22:11:49 UTC] PHP Warning:  PHP Startup: Unable to load dynamic library 'pdo' (tried: ext\pdo (The specified module could not be found), ext\php_pdo.dll (The specified module could not be found)) in Unknown on line 0
[22-Mar-2024 22:11:49 UTC] PHP Warning:  Module "mysqli" is already loaded in Unknown on line 0
[22-Mar-2024 22:11:49 UTC] PHP Warning:  PHP Startup: Unable to load dynamic library 'pdo_firebird' (tried: ext\pdo_firebird (The specified module could not be found), ext\php_pdo_firebird.dll (The specified module could not be found)) in Unknown on line 0
[22-Mar-2024 22:11:49 UTC] PHP Warning:  PHP Startup: Unable to load dynamic library 'pdo_oci' (tried: ext\pdo_oci (The specified module could not be found), ext\php_pdo_oci.dll (The specified module could not be found)) in Unknown on line 0
[22-Mar-2024 22:11:49 UTC] PHP Warning:  PHP Startup: Unable to load dynamic library 'pdo' (tried: ext\pdo (The specified module could not be found), ext\php_pdo.dll (The specified module could not be found)) in Unknown on line 0
[22-Mar-2024 22:23:39 UTC] PHP Warning:  Module "mysqli" is already loaded in Unknown on line 0
[22-Mar-2024 22:23:39 UTC] PHP Warning:  PHP Startup: Unable to load dynamic library 'pdo_firebird' (tried: ext\pdo_firebird (The specified module could not be found), ext\php_pdo_firebird.dll (The specified module could not be found)) in Unknown on line 0
[22-Mar-2024 22:23:39 UTC] PHP Warning:  PHP Startup: Unable to load dynamic library 'pdo_oci' (tried: ext\pdo_oci (The specified module could not be found), ext\php_pdo_oci.dll (The specified module could not be found)) in Unknown on line 0
[22-Mar-2024 22:23:40 UTC] PHP Warning:  PHP Startup: Unable to load dynamic library 'pdo' (tried: ext\pdo (The specified module could not be found), ext\php_pdo.dll (The specified module could not be found)) in Unknown on line 0
[22-Mar-2024 22:23:40 UTC] PHP Warning:  Module "mysqli" is already loaded in Unknown on line 0
[22-Mar-2024 22:23:40 UTC] PHP Warning:  PHP Startup: Unable to load dynamic library 'pdo_firebird' (tried: ext\pdo_firebird (The specified module could not be found), ext\php_pdo_firebird.dll (The specified module could not be found)) in Unknown on line 0
[22-Mar-2024 22:23:40 UTC] PHP Warning:  PHP Startup: Unable to load dynamic library 'pdo_oci' (tried: ext\pdo_oci (The specified module could not be found), ext\php_pdo_oci.dll (The specified module could not be found)) in Unknown on line 0
[22-Mar-2024 22:23:40 UTC] PHP Warning:  PHP Startup: Unable to load dynamic library 'pdo' (tried: ext\pdo (The specified module could not be found), ext\php_pdo.dll (The specified module could not be found)) in Unknown on line 0
[22-Mar-2024 22:26:21 UTC] PHP Warning:  Module "mysqli" is already loaded in Unknown on line 0
[22-Mar-2024 22:26:21 UTC] PHP Warning:  PHP Startup: Unable to load dynamic library 'pdo_firebird' (tried: ext\pdo_firebird (The specified module could not be found), ext\php_pdo_firebird.dll (The specified module could not be found)) in Unknown on line 0
[22-Mar-2024 22:26:21 UTC] PHP Warning:  PHP Startup: Unable to load dynamic library 'pdo_oci' (tried: ext\pdo_oci (The specified module could not be found), ext\php_pdo_oci.dll (The specified module could not be found)) in Unknown on line 0
[22-Mar-2024 22:26:22 UTC] PHP Warning:  PHP Startup: Unable to load dynamic library 'pdo' (tried: ext\pdo (The specified module could not be found), ext\php_pdo.dll (The specified module could not be found)) in Unknown on line 0
[22-Mar-2024 22:26:22 UTC] PHP Warning:  Module "mysqli" is already loaded in Unknown on line 0
[22-Mar-2024 22:26:22 UTC] PHP Warning:  PHP Startup: Unable to load dynamic library 'pdo_firebird' (tried: ext\pdo_firebird (The specified module could not be found), ext\php_pdo_firebird.dll (The specified module could not be found)) in Unknown on line 0
[22-Mar-2024 22:26:22 UTC] PHP Warning:  PHP Startup: Unable to load dynamic library 'pdo_oci' (tried: ext\pdo_oci (The specified module could not be found), ext\php_pdo_oci.dll (The specified module could not be found)) in Unknown on line 0
[22-Mar-2024 22:26:22 UTC] PHP Warning:  PHP Startup: Unable to load dynamic library 'pdo' (tried: ext\pdo (The specified module could not be found), ext\php_pdo.dll (The specified module could not be found)) in Unknown on line 0
[22-Mar-2024 22:32:40 UTC] PHP Warning:  Module "mysqli" is already loaded in Unknown on line 0
[22-Mar-2024 22:32:40 UTC] PHP Warning:  PHP Startup: Unable to load dynamic library 'pdo_firebird' (tried: ext\pdo_firebird (The specified module could not be found), ext\php_pdo_firebird.dll (The specified module could not be found)) in Unknown on line 0
[22-Mar-2024 22:32:40 UTC] PHP Warning:  PHP Startup: Unable to load dynamic library 'pdo_oci' (tried: ext\pdo_oci (The specified module could not be found), ext\php_pdo_oci.dll (The specified module could not be found)) in Unknown on line 0
[22-Mar-2024 22:32:40 UTC] PHP Warning:  PHP Startup: Unable to load dynamic library 'pdo' (tried: ext\pdo (The specified module could not be found), ext\php_pdo.dll (The specified module could not be found)) in Unknown on line 0
[22-Mar-2024 22:32:40 UTC] PHP Warning:  Module "mysqli" is already loaded in Unknown on line 0
[22-Mar-2024 22:32:41 UTC] PHP Warning:  PHP Startup: Unable to load dynamic library 'pdo_firebird' (tried: ext\pdo_firebird (The specified module could not be found), ext\php_pdo_firebird.dll (The specified module could not be found)) in Unknown on line 0
[22-Mar-2024 22:32:41 UTC] PHP Warning:  PHP Startup: Unable to load dynamic library 'pdo_oci' (tried: ext\pdo_oci (The specified module could not be found), ext\php_pdo_oci.dll (The specified module could not be found)) in Unknown on line 0
[22-Mar-2024 22:32:41 UTC] PHP Warning:  PHP Startup: Unable to load dynamic library 'pdo' (tried: ext\pdo (The specified module could not be found), ext\php_pdo.dll (The specified module could not be found)) in Unknown on line 0
[22-Mar-2024 22:33:47 UTC] PHP Warning:  Module "mysqli" is already loaded in Unknown on line 0
[22-Mar-2024 22:33:47 UTC] PHP Warning:  PHP Startup: Unable to load dynamic library 'pdo_firebird' (tried: ext\pdo_firebird (The specified module could not be found), ext\php_pdo_firebird.dll (The specified module could not be found)) in Unknown on line 0
[22-Mar-2024 22:33:47 UTC] PHP Warning:  PHP Startup: Unable to load dynamic library 'pdo_oci' (tried: ext\pdo_oci (The specified module could not be found), ext\php_pdo_oci.dll (The specified module could not be found)) in Unknown on line 0
[22-Mar-2024 22:33:47 UTC] PHP Warning:  PHP Startup: Unable to load dynamic library 'pdo' (tried: ext\pdo (The specified module could not be found), ext\php_pdo.dll (The specified module could not be found)) in Unknown on line 0
[22-Mar-2024 22:33:47 UTC] PHP Warning:  Module "mysqli" is already loaded in Unknown on line 0
[22-Mar-2024 22:33:47 UTC] PHP Warning:  PHP Startup: Unable to load dynamic library 'pdo_firebird' (tried: ext\pdo_firebird (The specified module could not be found), ext\php_pdo_firebird.dll (The specified module could not be found)) in Unknown on line 0
[22-Mar-2024 22:33:47 UTC] PHP Warning:  PHP Startup: Unable to load dynamic library 'pdo_oci' (tried: ext\pdo_oci (The specified module could not be found), ext\php_pdo_oci.dll (The specified module could not be found)) in Unknown on line 0
[22-Mar-2024 22:33:47 UTC] PHP Warning:  PHP Startup: Unable to load dynamic library 'pdo' (tried: ext\pdo (The specified module could not be found), ext\php_pdo.dll (The specified module could not be found)) in Unknown on line 0
[22-Mar-2024 22:36:07 UTC] PHP Warning:  Module "mysqli" is already loaded in Unknown on line 0
[22-Mar-2024 22:36:07 UTC] PHP Warning:  PHP Startup: Unable to load dynamic library 'pdo_firebird' (tried: ext\pdo_firebird (The specified module could not be found), ext\php_pdo_firebird.dll (The specified module could not be found)) in Unknown on line 0
[22-Mar-2024 22:36:07 UTC] PHP Warning:  PHP Startup: Unable to load dynamic library 'pdo_oci' (tried: ext\pdo_oci (The specified module could not be found), ext\php_pdo_oci.dll (The specified module could not be found)) in Unknown on line 0
[22-Mar-2024 22:36:07 UTC] PHP Warning:  PHP Startup: Unable to load dynamic library 'pdo' (tried: ext\pdo (The specified module could not be found), ext\php_pdo.dll (The specified module could not be found)) in Unknown on line 0
[22-Mar-2024 22:36:07 UTC] PHP Warning:  Module "mysqli" is already loaded in Unknown on line 0
[22-Mar-2024 22:36:07 UTC] PHP Warning:  PHP Startup: Unable to load dynamic library 'pdo_firebird' (tried: ext\pdo_firebird (The specified module could not be found), ext\php_pdo_firebird.dll (The specified module could not be found)) in Unknown on line 0
[22-Mar-2024 22:36:07 UTC] PHP Warning:  PHP Startup: Unable to load dynamic library 'pdo_oci' (tried: ext\pdo_oci (The specified module could not be found), ext\php_pdo_oci.dll (The specified module could not be found)) in Unknown on line 0
[22-Mar-2024 22:36:07 UTC] PHP Warning:  PHP Startup: Unable to load dynamic library 'pdo' (tried: ext\pdo (The specified module could not be found), ext\php_pdo.dll (The specified module could not be found)) in Unknown on line 0
[22-Mar-2024 22:36:59 UTC] PHP Warning:  Module "mysqli" is already loaded in Unknown on line 0
[22-Mar-2024 22:36:59 UTC] PHP Warning:  PHP Startup: Unable to load dynamic library 'pdo_firebird' (tried: ext\pdo_firebird (The specified module could not be found), ext\php_pdo_firebird.dll (The specified module could not be found)) in Unknown on line 0
[22-Mar-2024 22:36:59 UTC] PHP Warning:  PHP Startup: Unable to load dynamic library 'pdo_oci' (tried: ext\pdo_oci (The specified module could not be found), ext\php_pdo_oci.dll (The specified module could not be found)) in Unknown on line 0
[22-Mar-2024 22:36:59 UTC] PHP Warning:  PHP Startup: Unable to load dynamic library 'pdo' (tried: ext\pdo (The specified module could not be found), ext\php_pdo.dll (The specified module could not be found)) in Unknown on line 0
[22-Mar-2024 22:36:59 UTC] PHP Warning:  Module "mysqli" is already loaded in Unknown on line 0
[22-Mar-2024 22:36:59 UTC] PHP Warning:  PHP Startup: Unable to load dynamic library 'pdo_firebird' (tried: ext\pdo_firebird (The specified module could not be found), ext\php_pdo_firebird.dll (The specified module could not be found)) in Unknown on line 0
[22-Mar-2024 22:36:59 UTC] PHP Warning:  PHP Startup: Unable to load dynamic library 'pdo_oci' (tried: ext\pdo_oci (The specified module could not be found), ext\php_pdo_oci.dll (The specified module could not be found)) in Unknown on line 0
[22-Mar-2024 22:36:59 UTC] PHP Warning:  PHP Startup: Unable to load dynamic library 'pdo' (tried: ext\pdo (The specified module could not be found), ext\php_pdo.dll (The specified module could not be found)) in Unknown on line 0
[22-Mar-2024 22:40:06 UTC] PHP Warning:  Module "mysqli" is already loaded in Unknown on line 0
[22-Mar-2024 22:40:06 UTC] PHP Warning:  PHP Startup: Unable to load dynamic library 'pdo_firebird' (tried: ext\pdo_firebird (The specified module could not be found), ext\php_pdo_firebird.dll (The specified module could not be found)) in Unknown on line 0
[22-Mar-2024 22:40:06 UTC] PHP Warning:  PHP Startup: Unable to load dynamic library 'pdo_oci' (tried: ext\pdo_oci (The specified module could not be found), ext\php_pdo_oci.dll (The specified module could not be found)) in Unknown on line 0
[22-Mar-2024 22:40:06 UTC] PHP Warning:  PHP Startup: Unable to load dynamic library 'pdo' (tried: ext\pdo (The specified module could not be found), ext\php_pdo.dll (The specified module could not be found)) in Unknown on line 0
[22-Mar-2024 22:40:07 UTC] PHP Warning:  Module "mysqli" is already loaded in Unknown on line 0
[22-Mar-2024 22:40:07 UTC] PHP Warning:  PHP Startup: Unable to load dynamic library 'pdo_firebird' (tried: ext\pdo_firebird (The specified module could not be found), ext\php_pdo_firebird.dll (The specified module could not be found)) in Unknown on line 0
[22-Mar-2024 22:40:07 UTC] PHP Warning:  PHP Startup: Unable to load dynamic library 'pdo_oci' (tried: ext\pdo_oci (The specified module could not be found), ext\php_pdo_oci.dll (The specified module could not be found)) in Unknown on line 0
[22-Mar-2024 22:40:07 UTC] PHP Warning:  PHP Startup: Unable to load dynamic library 'pdo' (tried: ext\pdo (The specified module could not be found), ext\php_pdo.dll (The specified module could not be found)) in Unknown on line 0
[28-Mar-2024 03:57:05 UTC] PHP Warning:  Module "mysqli" is already loaded in Unknown on line 0
[28-Mar-2024 03:57:05 UTC] PHP Warning:  PHP Startup: Unable to load dynamic library 'pdo_firebird' (tried: ext\pdo_firebird (The specified module could not be found), ext\php_pdo_firebird.dll (The specified module could not be found)) in Unknown on line 0
[28-Mar-2024 03:57:05 UTC] PHP Warning:  PHP Startup: Unable to load dynamic library 'pdo_oci' (tried: ext\pdo_oci (The specified module could not be found), ext\php_pdo_oci.dll (The specified module could not be found)) in Unknown on line 0
[28-Mar-2024 03:57:06 UTC] PHP Warning:  PHP Startup: Unable to load dynamic library 'pdo' (tried: ext\pdo (The specified module could not be found), ext\php_pdo.dll (The specified module could not be found)) in Unknown on line 0
[28-Mar-2024 03:57:06 UTC] PHP Warning:  Module "mysqli" is already loaded in Unknown on line 0
[28-Mar-2024 03:57:06 UTC] PHP Warning:  PHP Startup: Unable to load dynamic library 'pdo_firebird' (tried: ext\pdo_firebird (The specified module could not be found), ext\php_pdo_firebird.dll (The specified module could not be found)) in Unknown on line 0
[28-Mar-2024 03:57:06 UTC] PHP Warning:  PHP Startup: Unable to load dynamic library 'pdo_oci' (tried: ext\pdo_oci (The specified module could not be found), ext\php_pdo_oci.dll (The specified module could not be found)) in Unknown on line 0
[28-Mar-2024 03:57:06 UTC] PHP Warning:  PHP Startup: Unable to load dynamic library 'pdo' (tried: ext\pdo (The specified module could not be found), ext\php_pdo.dll (The specified module could not be found)) in Unknown on line 0
[28-Mar-2024 04:01:29 UTC] PHP Warning:  Module "mysqli" is already loaded in Unknown on line 0
[28-Mar-2024 04:01:29 UTC] PHP Warning:  PHP Startup: Unable to load dynamic library 'pdo_firebird' (tried: ext\pdo_firebird (The specified module could not be found), ext\php_pdo_firebird.dll (The specified module could not be found)) in Unknown on line 0
[28-Mar-2024 04:01:29 UTC] PHP Warning:  PHP Startup: Unable to load dynamic library 'pdo_oci' (tried: ext\pdo_oci (The specified module could not be found), ext\php_pdo_oci.dll (The specified module could not be found)) in Unknown on line 0
[28-Mar-2024 04:01:29 UTC] PHP Warning:  PHP Startup: Unable to load dynamic library 'pdo' (tried: ext\pdo (The specified module could not be found), ext\php_pdo.dll (The specified module could not be found)) in Unknown on line 0
[28-Mar-2024 04:01:29 UTC] PHP Warning:  Module "mysqli" is already loaded in Unknown on line 0
[28-Mar-2024 04:01:29 UTC] PHP Warning:  PHP Startup: Unable to load dynamic library 'pdo_firebird' (tried: ext\pdo_firebird (The specified module could not be found), ext\php_pdo_firebird.dll (The specified module could not be found)) in Unknown on line 0
[28-Mar-2024 04:01:29 UTC] PHP Warning:  PHP Startup: Unable to load dynamic library 'pdo_oci' (tried: ext\pdo_oci (The specified module could not be found), ext\php_pdo_oci.dll (The specified module could not be found)) in Unknown on line 0
[28-Mar-2024 04:01:29 UTC] PHP Warning:  PHP Startup: Unable to load dynamic library 'pdo' (tried: ext\pdo (The specified module could not be found), ext\php_pdo.dll (The specified module could not be found)) in Unknown on line 0
[28-Mar-2024 04:02:25 UTC] PHP Warning:  Module "mysqli" is already loaded in Unknown on line 0
[28-Mar-2024 04:02:25 UTC] PHP Warning:  PHP Startup: Unable to load dynamic library 'pdo_firebird' (tried: ext\pdo_firebird (The specified module could not be found), ext\php_pdo_firebird.dll (The specified module could not be found)) in Unknown on line 0
[28-Mar-2024 04:02:25 UTC] PHP Warning:  PHP Startup: Unable to load dynamic library 'pdo_oci' (tried: ext\pdo_oci (The specified module could not be found), ext\php_pdo_oci.dll (The specified module could not be found)) in Unknown on line 0
[28-Mar-2024 04:02:25 UTC] PHP Warning:  PHP Startup: Unable to load dynamic library 'pdo' (tried: ext\pdo (The specified module could not be found), ext\php_pdo.dll (The specified module could not be found)) in Unknown on line 0
[28-Mar-2024 04:02:25 UTC] PHP Warning:  Module "mysqli" is already loaded in Unknown on line 0
[28-Mar-2024 04:02:25 UTC] PHP Warning:  PHP Startup: Unable to load dynamic library 'pdo_firebird' (tried: ext\pdo_firebird (The specified module could not be found), ext\php_pdo_firebird.dll (The specified module could not be found)) in Unknown on line 0
[28-Mar-2024 04:02:25 UTC] PHP Warning:  PHP Startup: Unable to load dynamic library 'pdo_oci' (tried: ext\pdo_oci (The specified module could not be found), ext\php_pdo_oci.dll (The specified module could not be found)) in Unknown on line 0
[28-Mar-2024 04:02:25 UTC] PHP Warning:  PHP Startup: Unable to load dynamic library 'pdo' (tried: ext\pdo (The specified module could not be found), ext\php_pdo.dll (The specified module could not be found)) in Unknown on line 0
[28-Mar-2024 04:03:19 UTC] PHP Warning:  Module "mysqli" is already loaded in Unknown on line 0
[28-Mar-2024 04:03:19 UTC] PHP Warning:  PHP Startup: Unable to load dynamic library 'pdo_firebird' (tried: ext\pdo_firebird (The specified module could not be found), ext\php_pdo_firebird.dll (The specified module could not be found)) in Unknown on line 0
[28-Mar-2024 04:03:19 UTC] PHP Warning:  PHP Startup: Unable to load dynamic library 'pdo_oci' (tried: ext\pdo_oci (The specified module could not be found), ext\php_pdo_oci.dll (The specified module could not be found)) in Unknown on line 0
[28-Mar-2024 04:03:19 UTC] PHP Warning:  PHP Startup: Unable to load dynamic library 'pdo' (tried: ext\pdo (The specified module could not be found), ext\php_pdo.dll (The specified module could not be found)) in Unknown on line 0
[28-Mar-2024 04:03:19 UTC] PHP Warning:  Module "mysqli" is already loaded in Unknown on line 0
[28-Mar-2024 04:03:19 UTC] PHP Warning:  PHP Startup: Unable to load dynamic library 'pdo_firebird' (tried: ext\pdo_firebird (The specified module could not be found), ext\php_pdo_firebird.dll (The specified module could not be found)) in Unknown on line 0
[28-Mar-2024 04:03:19 UTC] PHP Warning:  PHP Startup: Unable to load dynamic library 'pdo_oci' (tried: ext\pdo_oci (The specified module could not be found), ext\php_pdo_oci.dll (The specified module could not be found)) in Unknown on line 0
[28-Mar-2024 04:03:19 UTC] PHP Warning:  PHP Startup: Unable to load dynamic library 'pdo' (tried: ext\pdo (The specified module could not be found), ext\php_pdo.dll (The specified module could not be found)) in Unknown on line 0
[28-Mar-2024 04:04:03 UTC] PHP Warning:  Module "mysqli" is already loaded in Unknown on line 0
[28-Mar-2024 04:04:03 UTC] PHP Warning:  PHP Startup: Unable to load dynamic library 'pdo_firebird' (tried: ext\pdo_firebird (The specified module could not be found), ext\php_pdo_firebird.dll (The specified module could not be found)) in Unknown on line 0
[28-Mar-2024 04:04:03 UTC] PHP Warning:  PHP Startup: Unable to load dynamic library 'pdo_oci' (tried: ext\pdo_oci (The specified module could not be found), ext\php_pdo_oci.dll (The specified module could not be found)) in Unknown on line 0
[28-Mar-2024 04:04:03 UTC] PHP Warning:  PHP Startup: Unable to load dynamic library 'pdo' (tried: ext\pdo (The specified module could not be found), ext\php_pdo.dll (The specified module could not be found)) in Unknown on line 0
[28-Mar-2024 04:04:04 UTC] PHP Warning:  Module "mysqli" is already loaded in Unknown on line 0
[28-Mar-2024 04:04:04 UTC] PHP Warning:  PHP Startup: Unable to load dynamic library 'pdo_firebird' (tried: ext\pdo_firebird (The specified module could not be found), ext\php_pdo_firebird.dll (The specified module could not be found)) in Unknown on line 0
[28-Mar-2024 04:04:04 UTC] PHP Warning:  PHP Startup: Unable to load dynamic library 'pdo_oci' (tried: ext\pdo_oci (The specified module could not be found), ext\php_pdo_oci.dll (The specified module could not be found)) in Unknown on line 0
[28-Mar-2024 04:04:04 UTC] PHP Warning:  PHP Startup: Unable to load dynamic library 'pdo' (tried: ext\pdo (The specified module could not be found), ext\php_pdo.dll (The specified module could not be found)) in Unknown on line 0
[28-Mar-2024 04:39:15 UTC] PHP Warning:  Module "mysqli" is already loaded in Unknown on line 0
[28-Mar-2024 04:39:15 UTC] PHP Warning:  PHP Startup: Unable to load dynamic library 'pdo_firebird' (tried: ext\pdo_firebird (The specified module could not be found), ext\php_pdo_firebird.dll (The specified module could not be found)) in Unknown on line 0
[28-Mar-2024 04:39:15 UTC] PHP Warning:  PHP Startup: Unable to load dynamic library 'pdo_oci' (tried: ext\pdo_oci (The specified module could not be found), ext\php_pdo_oci.dll (The specified module could not be found)) in Unknown on line 0
[28-Mar-2024 04:39:15 UTC] PHP Warning:  PHP Startup: Unable to load dynamic library 'pdo' (tried: ext\pdo (The specified module could not be found), ext\php_pdo.dll (The specified module could not be found)) in Unknown on line 0
[28-Mar-2024 04:39:15 UTC] PHP Warning:  Module "mysqli" is already loaded in Unknown on line 0
[28-Mar-2024 04:39:15 UTC] PHP Warning:  PHP Startup: Unable to load dynamic library 'pdo_firebird' (tried: ext\pdo_firebird (The specified module could not be found), ext\php_pdo_firebird.dll (The specified module could not be found)) in Unknown on line 0
[28-Mar-2024 04:39:15 UTC] PHP Warning:  PHP Startup: Unable to load dynamic library 'pdo_oci' (tried: ext\pdo_oci (The specified module could not be found), ext\php_pdo_oci.dll (The specified module could not be found)) in Unknown on line 0
[28-Mar-2024 04:39:15 UTC] PHP Warning:  PHP Startup: Unable to load dynamic library 'pdo' (tried: ext\pdo (The specified module could not be found), ext\php_pdo.dll (The specified module could not be found)) in Unknown on line 0
[28-Mar-2024 04:40:36 UTC] PHP Warning:  Module "mysqli" is already loaded in Unknown on line 0
[28-Mar-2024 04:40:36 UTC] PHP Warning:  PHP Startup: Unable to load dynamic library 'pdo_firebird' (tried: ext\pdo_firebird (The specified module could not be found), ext\php_pdo_firebird.dll (The specified module could not be found)) in Unknown on line 0
[28-Mar-2024 04:40:36 UTC] PHP Warning:  PHP Startup: Unable to load dynamic library 'pdo_oci' (tried: ext\pdo_oci (The specified module could not be found), ext\php_pdo_oci.dll (The specified module could not be found)) in Unknown on line 0
[28-Mar-2024 04:40:36 UTC] PHP Warning:  PHP Startup: Unable to load dynamic library 'pdo' (tried: ext\pdo (The specified module could not be found), ext\php_pdo.dll (The specified module could not be found)) in Unknown on line 0
[28-Mar-2024 04:40:36 UTC] PHP Warning:  Module "mysqli" is already loaded in Unknown on line 0
[28-Mar-2024 04:40:36 UTC] PHP Warning:  PHP Startup: Unable to load dynamic library 'pdo_firebird' (tried: ext\pdo_firebird (The specified module could not be found), ext\php_pdo_firebird.dll (The specified module could not be found)) in Unknown on line 0
[28-Mar-2024 04:40:36 UTC] PHP Warning:  PHP Startup: Unable to load dynamic library 'pdo_oci' (tried: ext\pdo_oci (The specified module could not be found), ext\php_pdo_oci.dll (The specified module could not be found)) in Unknown on line 0
[28-Mar-2024 04:40:36 UTC] PHP Warning:  PHP Startup: Unable to load dynamic library 'pdo' (tried: ext\pdo (The specified module could not be found), ext\php_pdo.dll (The specified module could not be found)) in Unknown on line 0
[28-Mar-2024 04:40:44 UTC] PHP Warning:  Module "mysqli" is already loaded in Unknown on line 0
[28-Mar-2024 04:40:44 UTC] PHP Warning:  PHP Startup: Unable to load dynamic library 'pdo_firebird' (tried: ext\pdo_firebird (The specified module could not be found), ext\php_pdo_firebird.dll (The specified module could not be found)) in Unknown on line 0
[28-Mar-2024 04:40:44 UTC] PHP Warning:  PHP Startup: Unable to load dynamic library 'pdo_oci' (tried: ext\pdo_oci (The specified module could not be found), ext\php_pdo_oci.dll (The specified module could not be found)) in Unknown on line 0
[28-Mar-2024 04:40:44 UTC] PHP Warning:  PHP Startup: Unable to load dynamic library 'pdo' (tried: ext\pdo (The specified module could not be found), ext\php_pdo.dll (The specified module could not be found)) in Unknown on line 0
[28-Mar-2024 04:40:44 UTC] PHP Warning:  Module "mysqli" is already loaded in Unknown on line 0
[28-Mar-2024 04:40:44 UTC] PHP Warning:  PHP Startup: Unable to load dynamic library 'pdo_firebird' (tried: ext\pdo_firebird (The specified module could not be found), ext\php_pdo_firebird.dll (The specified module could not be found)) in Unknown on line 0
[28-Mar-2024 04:40:44 UTC] PHP Warning:  PHP Startup: Unable to load dynamic library 'pdo_oci' (tried: ext\pdo_oci (The specified module could not be found), ext\php_pdo_oci.dll (The specified module could not be found)) in Unknown on line 0
[28-Mar-2024 04:40:44 UTC] PHP Warning:  PHP Startup: Unable to load dynamic library 'pdo' (tried: ext\pdo (The specified module could not be found), ext\php_pdo.dll (The specified module could not be found)) in Unknown on line 0
[28-Mar-2024 04:42:42 UTC] PHP Warning:  Undefined array key "nombre" in C:\Users\USUARIO\OneDrive\Documentos\code\proyecto carlitos\bienesraices\anuncio.php on line 39
[28-Mar-2024 04:42:59 UTC] PHP Warning:  Undefined array key "nombre" in C:\Users\USUARIO\OneDrive\Documentos\code\proyecto carlitos\bienesraices\anuncio.php on line 50
[28-Mar-2024 04:42:59 UTC] PHP Deprecated:  htmlspecialchars(): Passing null to parameter #1 ($string) of type string is deprecated in C:\Users\USUARIO\OneDrive\Documentos\code\proyecto carlitos\bienesraices\anuncio.php on line 50
[28-Mar-2024 04:45:51 UTC] PHP Warning:  Module "mysqli" is already loaded in Unknown on line 0
[28-Mar-2024 04:45:51 UTC] PHP Warning:  PHP Startup: Unable to load dynamic library 'pdo_firebird' (tried: ext\pdo_firebird (The specified module could not be found), ext\php_pdo_firebird.dll (The specified module could not be found)) in Unknown on line 0
[28-Mar-2024 04:45:51 UTC] PHP Warning:  PHP Startup: Unable to load dynamic library 'pdo_oci' (tried: ext\pdo_oci (The specified module could not be found), ext\php_pdo_oci.dll (The specified module could not be found)) in Unknown on line 0
[28-Mar-2024 04:45:51 UTC] PHP Warning:  PHP Startup: Unable to load dynamic library 'pdo' (tried: ext\pdo (The specified module could not be found), ext\php_pdo.dll (The specified module could not be found)) in Unknown on line 0
[28-Mar-2024 04:45:51 UTC] PHP Warning:  Module "mysqli" is already loaded in Unknown on line 0
[28-Mar-2024 04:45:51 UTC] PHP Warning:  PHP Startup: Unable to load dynamic library 'pdo_firebird' (tried: ext\pdo_firebird (The specified module could not be found), ext\php_pdo_firebird.dll (The specified module could not be found)) in Unknown on line 0
[28-Mar-2024 04:45:51 UTC] PHP Warning:  PHP Startup: Unable to load dynamic library 'pdo_oci' (tried: ext\pdo_oci (The specified module could not be found), ext\php_pdo_oci.dll (The specified module could not be found)) in Unknown on line 0
[28-Mar-2024 04:45:51 UTC] PHP Warning:  PHP Startup: Unable to load dynamic library 'pdo' (tried: ext\pdo (The specified module could not be found), ext\php_pdo.dll (The specified module could not be found)) in Unknown on line 0
[28-Mar-2024 22:38:58 UTC] PHP Warning:  Module "mysqli" is already loaded in Unknown on line 0
[28-Mar-2024 22:38:58 UTC] PHP Warning:  PHP Startup: Unable to load dynamic library 'pdo_firebird' (tried: ext\pdo_firebird (The specified module could not be found), ext\php_pdo_firebird.dll (The specified module could not be found)) in Unknown on line 0
[28-Mar-2024 22:38:58 UTC] PHP Warning:  PHP Startup: Unable to load dynamic library 'pdo_oci' (tried: ext\pdo_oci (The specified module could not be found), ext\php_pdo_oci.dll (The specified module could not be found)) in Unknown on line 0
[28-Mar-2024 22:38:58 UTC] PHP Warning:  PHP Startup: Unable to load dynamic library 'pdo' (tried: ext\pdo (The specified module could not be found), ext\php_pdo.dll (The specified module could not be found)) in Unknown on line 0
[28-Mar-2024 22:38:58 UTC] PHP Warning:  Module "mysqli" is already loaded in Unknown on line 0
[28-Mar-2024 22:38:58 UTC] PHP Warning:  PHP Startup: Unable to load dynamic library 'pdo_firebird' (tried: ext\pdo_firebird (The specified module could not be found), ext\php_pdo_firebird.dll (The specified module could not be found)) in Unknown on line 0
[28-Mar-2024 22:38:58 UTC] PHP Warning:  PHP Startup: Unable to load dynamic library 'pdo_oci' (tried: ext\pdo_oci (The specified module could not be found), ext\php_pdo_oci.dll (The specified module could not be found)) in Unknown on line 0
[28-Mar-2024 22:38:58 UTC] PHP Warning:  PHP Startup: Unable to load dynamic library 'pdo' (tried: ext\pdo (The specified module could not be found), ext\php_pdo.dll (The specified module could not be found)) in Unknown on line 0
[28-Mar-2024 22:41:40 UTC] PHP Warning:  Module "mysqli" is already loaded in Unknown on line 0
[28-Mar-2024 22:41:40 UTC] PHP Warning:  PHP Startup: Unable to load dynamic library 'pdo_firebird' (tried: ext\pdo_firebird (The specified module could not be found), ext\php_pdo_firebird.dll (The specified module could not be found)) in Unknown on line 0
[28-Mar-2024 22:41:40 UTC] PHP Warning:  PHP Startup: Unable to load dynamic library 'pdo_oci' (tried: ext\pdo_oci (The specified module could not be found), ext\php_pdo_oci.dll (The specified module could not be found)) in Unknown on line 0
[28-Mar-2024 22:41:40 UTC] PHP Warning:  PHP Startup: Unable to load dynamic library 'pdo' (tried: ext\pdo (The specified module could not be found), ext\php_pdo.dll (The specified module could not be found)) in Unknown on line 0
[28-Mar-2024 22:41:40 UTC] PHP Warning:  Module "mysqli" is already loaded in Unknown on line 0
[28-Mar-2024 22:41:40 UTC] PHP Warning:  PHP Startup: Unable to load dynamic library 'pdo_firebird' (tried: ext\pdo_firebird (The specified module could not be found), ext\php_pdo_firebird.dll (The specified module could not be found)) in Unknown on line 0
[28-Mar-2024 22:41:40 UTC] PHP Warning:  PHP Startup: Unable to load dynamic library 'pdo_oci' (tried: ext\pdo_oci (The specified module could not be found), ext\php_pdo_oci.dll (The specified module could not be found)) in Unknown on line 0
[28-Mar-2024 22:41:40 UTC] PHP Warning:  PHP Startup: Unable to load dynamic library 'pdo' (tried: ext\pdo (The specified module could not be found), ext\php_pdo.dll (The specified module could not be found)) in Unknown on line 0
[28-Mar-2024 22:42:16 UTC] PHP Warning:  Module "mysqli" is already loaded in Unknown on line 0
[28-Mar-2024 22:42:16 UTC] PHP Warning:  PHP Startup: Unable to load dynamic library 'pdo_firebird' (tried: ext\pdo_firebird (The specified module could not be found), ext\php_pdo_firebird.dll (The specified module could not be found)) in Unknown on line 0
[28-Mar-2024 22:42:16 UTC] PHP Warning:  PHP Startup: Unable to load dynamic library 'pdo_oci' (tried: ext\pdo_oci (The specified module could not be found), ext\php_pdo_oci.dll (The specified module could not be found)) in Unknown on line 0
[28-Mar-2024 22:42:16 UTC] PHP Warning:  PHP Startup: Unable to load dynamic library 'pdo' (tried: ext\pdo (The specified module could not be found), ext\php_pdo.dll (The specified module could not be found)) in Unknown on line 0
[28-Mar-2024 22:42:16 UTC] PHP Warning:  Module "mysqli" is already loaded in Unknown on line 0
[28-Mar-2024 22:42:16 UTC] PHP Warning:  PHP Startup: Unable to load dynamic library 'pdo_firebird' (tried: ext\pdo_firebird (The specified module could not be found), ext\php_pdo_firebird.dll (The specified module could not be found)) in Unknown on line 0
[28-Mar-2024 22:42:16 UTC] PHP Warning:  PHP Startup: Unable to load dynamic library 'pdo_oci' (tried: ext\pdo_oci (The specified module could not be found), ext\php_pdo_oci.dll (The specified module could not be found)) in Unknown on line 0
[28-Mar-2024 22:42:16 UTC] PHP Warning:  PHP Startup: Unable to load dynamic library 'pdo' (tried: ext\pdo (The specified module could not be found), ext\php_pdo.dll (The specified module could not be found)) in Unknown on line 0
[28-Mar-2024 22:42:16 UTC] PHP Fatal error:  Uncaught mysqli_sql_exception: You have an error in your SQL syntax; check the manual that corresponds to your MySQL server version for the right syntax to use near '' at line 1 in C:\Users\USUARIO\OneDrive\Documentos\code\proyecto carlitos\bienesraices\blog.php:15
Stack trace:
#0 C:\Users\USUARIO\OneDrive\Documentos\code\proyecto carlitos\bienesraices\blog.php(15): mysqli_query()
#1 {main}
  thrown in C:\Users\USUARIO\OneDrive\Documentos\code\proyecto carlitos\bienesraices\blog.php on line 15
[28-Mar-2024 22:47:46 UTC] PHP Warning:  Module "mysqli" is already loaded in Unknown on line 0
[28-Mar-2024 22:47:46 UTC] PHP Warning:  PHP Startup: Unable to load dynamic library 'pdo_firebird' (tried: ext\pdo_firebird (The specified module could not be found), ext\php_pdo_firebird.dll (The specified module could not be found)) in Unknown on line 0
[28-Mar-2024 22:47:46 UTC] PHP Warning:  PHP Startup: Unable to load dynamic library 'pdo_oci' (tried: ext\pdo_oci (The specified module could not be found), ext\php_pdo_oci.dll (The specified module could not be found)) in Unknown on line 0
[28-Mar-2024 22:47:46 UTC] PHP Warning:  PHP Startup: Unable to load dynamic library 'pdo' (tried: ext\pdo (The specified module could not be found), ext\php_pdo.dll (The specified module could not be found)) in Unknown on line 0
[28-Mar-2024 22:47:46 UTC] PHP Warning:  Module "mysqli" is already loaded in Unknown on line 0
[28-Mar-2024 22:47:46 UTC] PHP Warning:  PHP Startup: Unable to load dynamic library 'pdo_firebird' (tried: ext\pdo_firebird (The specified module could not be found), ext\php_pdo_firebird.dll (The specified module could not be found)) in Unknown on line 0
[28-Mar-2024 22:47:46 UTC] PHP Warning:  PHP Startup: Unable to load dynamic library 'pdo_oci' (tried: ext\pdo_oci (The specified module could not be found), ext\php_pdo_oci.dll (The specified module could not be found)) in Unknown on line 0
[28-Mar-2024 22:47:46 UTC] PHP Warning:  PHP Startup: Unable to load dynamic library 'pdo' (tried: ext\pdo (The specified module could not be found), ext\php_pdo.dll (The specified module could not be found)) in Unknown on line 0
[28-Mar-2024 22:57:29 UTC] PHP Fatal error:  Uncaught Error: Call to undefined function incluirTemplate() in C:\Users\USUARIO\OneDrive\Documentos\code\proyecto carlitos\bienesraices\cursos.php:3
Stack trace:
#0 {main}
  thrown in C:\Users\USUARIO\OneDrive\Documentos\code\proyecto carlitos\bienesraices\cursos.php on line 3
[28-Mar-2024 23:07:10 UTC] PHP Warning:  htmlspecialchars(): Charset &quot;120&quot; is not supported, assuming UTF-8 in C:\Users\USUARIO\OneDrive\Documentos\code\proyecto carlitos\bienesraices\curso.php on line 49
[28-Mar-2024 23:07:10 UTC] PHP Warning:  htmlspecialchars(): Charset &quot;120&quot; is not supported, assuming UTF-8 in C:\Users\USUARIO\OneDrive\Documentos\code\proyecto carlitos\bienesraices\curso.php on line 49
[29-Mar-2024 21:11:00 UTC] PHP Warning:  Module "mysqli" is already loaded in Unknown on line 0
[29-Mar-2024 21:11:00 UTC] PHP Warning:  PHP Startup: Unable to load dynamic library 'pdo_firebird' (tried: ext\pdo_firebird (The specified module could not be found), ext\php_pdo_firebird.dll (The specified module could not be found)) in Unknown on line 0
[29-Mar-2024 21:11:00 UTC] PHP Warning:  PHP Startup: Unable to load dynamic library 'pdo_oci' (tried: ext\pdo_oci (The specified module could not be found), ext\php_pdo_oci.dll (The specified module could not be found)) in Unknown on line 0
[29-Mar-2024 21:11:00 UTC] PHP Warning:  PHP Startup: Unable to load dynamic library 'pdo' (tried: ext\pdo (The specified module could not be found), ext\php_pdo.dll (The specified module could not be found)) in Unknown on line 0
[29-Mar-2024 21:11:00 UTC] PHP Warning:  Module "mysqli" is already loaded in Unknown on line 0
[29-Mar-2024 21:11:00 UTC] PHP Warning:  PHP Startup: Unable to load dynamic library 'pdo_firebird' (tried: ext\pdo_firebird (The specified module could not be found), ext\php_pdo_firebird.dll (The specified module could not be found)) in Unknown on line 0
[29-Mar-2024 21:11:00 UTC] PHP Warning:  PHP Startup: Unable to load dynamic library 'pdo_oci' (tried: ext\pdo_oci (The specified module could not be found), ext\php_pdo_oci.dll (The specified module could not be found)) in Unknown on line 0
[29-Mar-2024 21:11:00 UTC] PHP Warning:  PHP Startup: Unable to load dynamic library 'pdo' (tried: ext\pdo (The specified module could not be found), ext\php_pdo.dll (The specified module could not be found)) in Unknown on line 0
[29-Mar-2024 21:11:11 UTC] PHP Warning:  Module "mysqli" is already loaded in Unknown on line 0
[29-Mar-2024 21:11:11 UTC] PHP Warning:  PHP Startup: Unable to load dynamic library 'pdo_firebird' (tried: ext\pdo_firebird (The specified module could not be found), ext\php_pdo_firebird.dll (The specified module could not be found)) in Unknown on line 0
[29-Mar-2024 21:11:11 UTC] PHP Warning:  PHP Startup: Unable to load dynamic library 'pdo_oci' (tried: ext\pdo_oci (The specified module could not be found), ext\php_pdo_oci.dll (The specified module could not be found)) in Unknown on line 0
[29-Mar-2024 21:11:11 UTC] PHP Warning:  PHP Startup: Unable to load dynamic library 'pdo' (tried: ext\pdo (The specified module could not be found), ext\php_pdo.dll (The specified module could not be found)) in Unknown on line 0
[29-Mar-2024 21:11:11 UTC] PHP Warning:  Module "mysqli" is already loaded in Unknown on line 0
[29-Mar-2024 21:11:11 UTC] PHP Warning:  PHP Startup: Unable to load dynamic library 'pdo_firebird' (tried: ext\pdo_firebird (The specified module could not be found), ext\php_pdo_firebird.dll (The specified module could not be found)) in Unknown on line 0
[29-Mar-2024 21:11:11 UTC] PHP Warning:  PHP Startup: Unable to load dynamic library 'pdo_oci' (tried: ext\pdo_oci (The specified module could not be found), ext\php_pdo_oci.dll (The specified module could not be found)) in Unknown on line 0
[29-Mar-2024 21:11:11 UTC] PHP Warning:  PHP Startup: Unable to load dynamic library 'pdo' (tried: ext\pdo (The specified module could not be found), ext\php_pdo.dll (The specified module could not be found)) in Unknown on line 0
[11-Apr-2024 18:23:27 UTC] PHP Warning:  Module "mysqli" is already loaded in Unknown on line 0
[11-Apr-2024 18:23:28 UTC] PHP Warning:  PHP Startup: Unable to load dynamic library 'pdo_firebird' (tried: ext\pdo_firebird (The specified module could not be found), ext\php_pdo_firebird.dll (The specified module could not be found)) in Unknown on line 0
[11-Apr-2024 18:23:29 UTC] PHP Warning:  PHP Startup: Unable to load dynamic library 'pdo_oci' (tried: ext\pdo_oci (The specified module could not be found), ext\php_pdo_oci.dll (The specified module could not be found)) in Unknown on line 0
[11-Apr-2024 18:23:29 UTC] PHP Warning:  PHP Startup: Unable to load dynamic library 'pdo' (tried: ext\pdo (The specified module could not be found), ext\php_pdo.dll (The specified module could not be found)) in Unknown on line 0
[11-Apr-2024 18:36:12 UTC] PHP Warning:  Module "mysqli" is already loaded in Unknown on line 0
[11-Apr-2024 18:36:12 UTC] PHP Warning:  PHP Startup: Unable to load dynamic library 'pdo_firebird' (tried: ext\pdo_firebird (The specified module could not be found), ext\php_pdo_firebird.dll (The specified module could not be found)) in Unknown on line 0
[11-Apr-2024 18:36:12 UTC] PHP Warning:  PHP Startup: Unable to load dynamic library 'pdo_oci' (tried: ext\pdo_oci (The specified module could not be found), ext\php_pdo_oci.dll (The specified module could not be found)) in Unknown on line 0
[11-Apr-2024 18:36:12 UTC] PHP Warning:  PHP Startup: Unable to load dynamic library 'pdo' (tried: ext\pdo (The specified module could not be found), ext\php_pdo.dll (The specified module could not be found)) in Unknown on line 0
[11-Apr-2024 18:36:12 UTC] PHP Warning:  Module "mysqli" is already loaded in Unknown on line 0
[11-Apr-2024 18:36:12 UTC] PHP Warning:  PHP Startup: Unable to load dynamic library 'pdo_firebird' (tried: ext\pdo_firebird (The specified module could not be found), ext\php_pdo_firebird.dll (The specified module could not be found)) in Unknown on line 0
[11-Apr-2024 18:36:12 UTC] PHP Warning:  PHP Startup: Unable to load dynamic library 'pdo_oci' (tried: ext\pdo_oci (The specified module could not be found), ext\php_pdo_oci.dll (The specified module could not be found)) in Unknown on line 0
[11-Apr-2024 18:36:12 UTC] PHP Warning:  PHP Startup: Unable to load dynamic library 'pdo' (tried: ext\pdo (The specified module could not be found), ext\php_pdo.dll (The specified module could not be found)) in Unknown on line 0
[11-Apr-2024 18:39:34 UTC] PHP Warning:  Undefined array key "DB_OST" in C:\Users\USUARIO\OneDrive\Documentos\code\proyecto carlitos\bienesraices\includes\config\database.php on line 5
[11-Apr-2024 18:39:34 UTC] PHP Warning:  Undefined array key "DB_OST" in C:\Users\USUARIO\OneDrive\Documentos\code\proyecto carlitos\bienesraices\includes\config\database.php on line 5
[11-Apr-2024 18:39:35 UTC] PHP Warning:  Undefined array key "DB_OST" in C:\Users\USUARIO\OneDrive\Documentos\code\proyecto carlitos\bienesraices\includes\config\database.php on line 5
[11-Apr-2024 18:39:35 UTC] PHP Warning:  Undefined array key "DB_OST" in C:\Users\USUARIO\OneDrive\Documentos\code\proyecto carlitos\bienesraices\includes\config\database.php on line 5
[11-Apr-2024 18:39:41 UTC] PHP Warning:  Undefined array key "DB_OST" in C:\Users\USUARIO\OneDrive\Documentos\code\proyecto carlitos\bienesraices\includes\config\database.php on line 5
[11-Apr-2024 18:39:41 UTC] PHP Warning:  Undefined array key "DB_OST" in C:\Users\USUARIO\OneDrive\Documentos\code\proyecto carlitos\bienesraices\includes\config\database.php on line 5
[11-Apr-2024 18:39:48 UTC] PHP Warning:  Undefined array key "DB_OST" in C:\Users\USUARIO\OneDrive\Documentos\code\proyecto carlitos\bienesraices\includes\config\database.php on line 5
[11-Apr-2024 18:39:48 UTC] PHP Warning:  Undefined array key "DB_OST" in C:\Users\USUARIO\OneDrive\Documentos\code\proyecto carlitos\bienesraices\includes\config\database.php on line 5
[11-Apr-2024 18:39:51 UTC] PHP Warning:  Undefined array key "DB_OST" in C:\Users\USUARIO\OneDrive\Documentos\code\proyecto carlitos\bienesraices\includes\config\database.php on line 5
[11-Apr-2024 18:39:52 UTC] PHP Warning:  Undefined array key "DB_OST" in C:\Users\USUARIO\OneDrive\Documentos\code\proyecto carlitos\bienesraices\includes\config\database.php on line 5
[11-Apr-2024 18:39:54 UTC] PHP Warning:  Undefined array key "DB_OST" in C:\Users\USUARIO\OneDrive\Documentos\code\proyecto carlitos\bienesraices\includes\config\database.php on line 5
[11-Apr-2024 18:39:57 UTC] PHP Warning:  Undefined array key "DB_OST" in C:\Users\USUARIO\OneDrive\Documentos\code\proyecto carlitos\bienesraices\includes\config\database.php on line 5
[11-Apr-2024 18:39:57 UTC] PHP Warning:  Undefined array key "DB_OST" in C:\Users\USUARIO\OneDrive\Documentos\code\proyecto carlitos\bienesraices\includes\config\database.php on line 5
