[22-Mar-2024 20:59:57 UTC] PHP Fatal error:  Uncaught Error: Cannot use object of type App\guias as array in C:\Users\USUARIO\OneDrive\Documentos\code\proyecto carlitos\bienesraices\admin\index.php:76
Stack trace:
#0 {main}
  thrown in C:\Users\USUARIO\OneDrive\Documentos\code\proyecto carlitos\bienesraices\admin\index.php on line 76
[22-Mar-2024 21:01:28 UTC] PHP Fatal error:  Uncaught Error: Cannot use object of type App\guias as array in C:\Users\USUARIO\OneDrive\Documentos\code\proyecto carlitos\bienesraices\admin\index.php:88
Stack trace:
#0 {main}
  thrown in C:\Users\USUARIO\OneDrive\Documentos\code\proyecto carlitos\bienesraices\admin\index.php on line 88
[22-Mar-2024 21:01:29 UTC] PHP Fatal error:  Uncaught Error: Cannot use object of type App\guias as array in C:\Users\USUARIO\OneDrive\Documentos\code\proyecto carlitos\bienesraices\admin\index.php:88
Stack trace:
#0 {main}
  thrown in C:\Users\USUARIO\OneDrive\Documentos\code\proyecto carlitos\bienesraices\admin\index.php on line 88
[22-Mar-2024 21:01:29 UTC] PHP Fatal error:  Uncaught Error: Cannot use object of type App\guias as array in C:\Users\USUARIO\OneDrive\Documentos\code\proyecto carlitos\bienesraices\admin\index.php:88
Stack trace:
#0 {main}
  thrown in C:\Users\USUARIO\OneDrive\Documentos\code\proyecto carlitos\bienesraices\admin\index.php on line 88
[22-Mar-2024 21:01:29 UTC] PHP Fatal error:  Uncaught Error: Cannot use object of type App\guias as array in C:\Users\USUARIO\OneDrive\Documentos\code\proyecto carlitos\bienesraices\admin\index.php:88
Stack trace:
#0 {main}
  thrown in C:\Users\USUARIO\OneDrive\Documentos\code\proyecto carlitos\bienesraices\admin\index.php on line 88
[22-Mar-2024 21:01:29 UTC] PHP Fatal error:  Uncaught Error: Cannot use object of type App\guias as array in C:\Users\USUARIO\OneDrive\Documentos\code\proyecto carlitos\bienesraices\admin\index.php:88
Stack trace:
#0 {main}
  thrown in C:\Users\USUARIO\OneDrive\Documentos\code\proyecto carlitos\bienesraices\admin\index.php on line 88
[22-Mar-2024 21:01:30 UTC] PHP Fatal error:  Uncaught Error: Cannot use object of type App\guias as array in C:\Users\USUARIO\OneDrive\Documentos\code\proyecto carlitos\bienesraices\admin\index.php:88
Stack trace:
#0 {main}
  thrown in C:\Users\USUARIO\OneDrive\Documentos\code\proyecto carlitos\bienesraices\admin\index.php on line 88
[22-Mar-2024 21:01:30 UTC] PHP Fatal error:  Uncaught Error: Cannot use object of type App\guias as array in C:\Users\USUARIO\OneDrive\Documentos\code\proyecto carlitos\bienesraices\admin\index.php:88
Stack trace:
#0 {main}
  thrown in C:\Users\USUARIO\OneDrive\Documentos\code\proyecto carlitos\bienesraices\admin\index.php on line 88
[22-Mar-2024 21:06:44 UTC] PHP Warning:  require(vendor/autoload.php): Failed to open stream: No such file or directory in C:\Users\USUARIO\OneDrive\Documentos\code\proyecto carlitos\bienesraices\admin\index.php on line 14
[22-Mar-2024 21:06:44 UTC] PHP Fatal error:  Uncaught Error: Failed opening required 'vendor/autoload.php' (include_path='.;C:\php\pear') in C:\Users\USUARIO\OneDrive\Documentos\code\proyecto carlitos\bienesraices\admin\index.php:14
Stack trace:
#0 {main}
  thrown in C:\Users\USUARIO\OneDrive\Documentos\code\proyecto carlitos\bienesraices\admin\index.php on line 14
[22-Mar-2024 21:07:01 UTC] PHP Fatal error:  Uncaught Error: Class "setasign\Fpdi\Fpdi" not found in C:\Users\USUARIO\OneDrive\Documentos\code\proyecto carlitos\bienesraices\admin\index.php:82
Stack trace:
#0 {main}
  thrown in C:\Users\USUARIO\OneDrive\Documentos\code\proyecto carlitos\bienesraices\admin\index.php on line 82
[22-Mar-2024 21:08:05 UTC] PHP Fatal error:  Uncaught Error: Class "setasign\Fpdi\Fpdi" not found in C:\Users\USUARIO\OneDrive\Documentos\code\proyecto carlitos\bienesraices\admin\index.php:82
Stack trace:
#0 {main}
  thrown in C:\Users\USUARIO\OneDrive\Documentos\code\proyecto carlitos\bienesraices\admin\index.php on line 82
[22-Mar-2024 21:15:15 UTC] PHP Fatal error:  Uncaught Error: Class "setasign\Fpdi\Fpdi" not found in C:\Users\USUARIO\OneDrive\Documentos\code\proyecto carlitos\bienesraices\admin\index.php:82
Stack trace:
#0 {main}
  thrown in C:\Users\USUARIO\OneDrive\Documentos\code\proyecto carlitos\bienesraices\admin\index.php on line 82
[22-Mar-2024 21:15:16 UTC] PHP Fatal error:  Uncaught Error: Class "setasign\Fpdi\Fpdi" not found in C:\Users\USUARIO\OneDrive\Documentos\code\proyecto carlitos\bienesraices\admin\index.php:82
Stack trace:
#0 {main}
  thrown in C:\Users\USUARIO\OneDrive\Documentos\code\proyecto carlitos\bienesraices\admin\index.php on line 82
[22-Mar-2024 21:26:26 UTC] PHP Fatal error:  Uncaught Error: Class "setasign\Fpdi\Fpdi" not found in C:\Users\USUARIO\OneDrive\Documentos\code\proyecto carlitos\bienesraices\admin\index.php:82
Stack trace:
#0 {main}
  thrown in C:\Users\USUARIO\OneDrive\Documentos\code\proyecto carlitos\bienesraices\admin\index.php on line 82
[22-Mar-2024 21:26:42 UTC] PHP Fatal error:  Uncaught Error: Class "setasign\Fpdi\Fpdi" not found in C:\Users\USUARIO\OneDrive\Documentos\code\proyecto carlitos\bienesraices\admin\index.php:82
Stack trace:
#0 {main}
  thrown in C:\Users\USUARIO\OneDrive\Documentos\code\proyecto carlitos\bienesraices\admin\index.php on line 82
[22-Mar-2024 21:28:59 UTC] PHP Fatal error:  Uncaught Error: Class "setasign\Fpdi\Fpdi" not found in C:\Users\USUARIO\OneDrive\Documentos\code\proyecto carlitos\bienesraices\admin\index.php:82
Stack trace:
#0 {main}
  thrown in C:\Users\USUARIO\OneDrive\Documentos\code\proyecto carlitos\bienesraices\admin\index.php on line 82
[22-Mar-2024 21:31:36 UTC] PHP Parse error:  syntax error, unexpected token "endforeach", expecting end of file in C:\Users\USUARIO\OneDrive\Documentos\code\proyecto carlitos\bienesraices\admin\index.php on line 123
[22-Mar-2024 21:33:29 UTC] PHP Fatal error:  Uncaught Error: Class "setasign\Fpdi\Fpdi" not found in C:\Users\USUARIO\OneDrive\Documentos\code\proyecto carlitos\bienesraices\admin\index.php:82
Stack trace:
#0 {main}
  thrown in C:\Users\USUARIO\OneDrive\Documentos\code\proyecto carlitos\bienesraices\admin\index.php on line 82
[22-Mar-2024 21:36:53 UTC] PHP Fatal error:  Uncaught Error: Class "setasign\Fpdi\Fpdi" not found in C:\Users\USUARIO\OneDrive\Documentos\code\proyecto carlitos\bienesraices\admin\index.php:82
Stack trace:
#0 {main}
  thrown in C:\Users\USUARIO\OneDrive\Documentos\code\proyecto carlitos\bienesraices\admin\index.php on line 82
[22-Mar-2024 21:36:57 UTC] PHP Fatal error:  Uncaught Error: Class "setasign\Fpdi\Fpdi" not found in C:\Users\USUARIO\OneDrive\Documentos\code\proyecto carlitos\bienesraices\admin\index.php:82
Stack trace:
#0 {main}
  thrown in C:\Users\USUARIO\OneDrive\Documentos\code\proyecto carlitos\bienesraices\admin\index.php on line 82
[22-Mar-2024 21:36:57 UTC] PHP Fatal error:  Uncaught Error: Class "setasign\Fpdi\Fpdi" not found in C:\Users\USUARIO\OneDrive\Documentos\code\proyecto carlitos\bienesraices\admin\index.php:82
Stack trace:
#0 {main}
  thrown in C:\Users\USUARIO\OneDrive\Documentos\code\proyecto carlitos\bienesraices\admin\index.php on line 82
[22-Mar-2024 21:36:58 UTC] PHP Fatal error:  Uncaught Error: Class "setasign\Fpdi\Fpdi" not found in C:\Users\USUARIO\OneDrive\Documentos\code\proyecto carlitos\bienesraices\admin\index.php:82
Stack trace:
#0 {main}
  thrown in C:\Users\USUARIO\OneDrive\Documentos\code\proyecto carlitos\bienesraices\admin\index.php on line 82
[22-Mar-2024 21:36:58 UTC] PHP Fatal error:  Uncaught Error: Class "setasign\Fpdi\Fpdi" not found in C:\Users\USUARIO\OneDrive\Documentos\code\proyecto carlitos\bienesraices\admin\index.php:82
Stack trace:
#0 {main}
  thrown in C:\Users\USUARIO\OneDrive\Documentos\code\proyecto carlitos\bienesraices\admin\index.php on line 82
[22-Mar-2024 21:36:58 UTC] PHP Fatal error:  Uncaught Error: Class "setasign\Fpdi\Fpdi" not found in C:\Users\USUARIO\OneDrive\Documentos\code\proyecto carlitos\bienesraices\admin\index.php:82
Stack trace:
#0 {main}
  thrown in C:\Users\USUARIO\OneDrive\Documentos\code\proyecto carlitos\bienesraices\admin\index.php on line 82
[22-Mar-2024 21:43:25 UTC] PHP Warning:  fopen(imagenes/0fbac1d33472bf6e9e3b0b69e38ea05d.pdf): Failed to open stream: No such file or directory in C:\Users\USUARIO\OneDrive\Documentos\code\proyecto carlitos\bienesraices\vendor\setasign\fpdi\src\PdfParser\StreamReader.php on line 42
[22-Mar-2024 21:43:25 UTC] PHP Fatal error:  Uncaught InvalidArgumentException: No stream given. in C:\Users\USUARIO\OneDrive\Documentos\code\proyecto carlitos\bienesraices\vendor\setasign\fpdi\src\PdfParser\StreamReader.php:104
Stack trace:
#0 C:\Users\USUARIO\OneDrive\Documentos\code\proyecto carlitos\bienesraices\vendor\setasign\fpdi\src\PdfParser\StreamReader.php(43): setasign\Fpdi\PdfParser\StreamReader->__construct()
#1 C:\Users\USUARIO\OneDrive\Documentos\code\proyecto carlitos\bienesraices\vendor\setasign\fpdi\src\FpdiTrait.php(177): setasign\Fpdi\PdfParser\StreamReader::createByFile()
#2 C:\Users\USUARIO\OneDrive\Documentos\code\proyecto carlitos\bienesraices\vendor\setasign\fpdi\src\FpdiTrait.php(233): setasign\Fpdi\Fpdi->getPdfReaderId()
#3 C:\Users\USUARIO\OneDrive\Documentos\code\proyecto carlitos\bienesraices\vendor\setasign\fpdi\src\FpdiTrait.php(216): setasign\Fpdi\Fpdi->setSourceFileWithParserParams()
#4 C:\Users\USUARIO\OneDrive\Documentos\code\proyecto carlitos\bienesraices\admin\index.php(84): setasign\Fpdi\Fpdi->setSourceFile()
#5 {main}
  thrown in C:\Users\USUARIO\OneDrive\Documentos\code\proyecto carlitos\bienesraices\vendor\setasign\fpdi\src\PdfParser\StreamReader.php on line 104
[22-Mar-2024 21:45:47 UTC] PHP Warning:  fopen(imagenes/0fbac1d33472bf6e9e3b0b69e38ea05d.pdf): Failed to open stream: No such file or directory in C:\Users\USUARIO\OneDrive\Documentos\code\proyecto carlitos\bienesraices\vendor\setasign\fpdi\src\PdfParser\StreamReader.php on line 42
[22-Mar-2024 21:45:47 UTC] PHP Fatal error:  Uncaught InvalidArgumentException: No stream given. in C:\Users\USUARIO\OneDrive\Documentos\code\proyecto carlitos\bienesraices\vendor\setasign\fpdi\src\PdfParser\StreamReader.php:104
Stack trace:
#0 C:\Users\USUARIO\OneDrive\Documentos\code\proyecto carlitos\bienesraices\vendor\setasign\fpdi\src\PdfParser\StreamReader.php(43): setasign\Fpdi\PdfParser\StreamReader->__construct()
#1 C:\Users\USUARIO\OneDrive\Documentos\code\proyecto carlitos\bienesraices\vendor\setasign\fpdi\src\FpdiTrait.php(177): setasign\Fpdi\PdfParser\StreamReader::createByFile()
#2 C:\Users\USUARIO\OneDrive\Documentos\code\proyecto carlitos\bienesraices\vendor\setasign\fpdi\src\FpdiTrait.php(233): setasign\Fpdi\Fpdi->getPdfReaderId()
#3 C:\Users\USUARIO\OneDrive\Documentos\code\proyecto carlitos\bienesraices\vendor\setasign\fpdi\src\FpdiTrait.php(216): setasign\Fpdi\Fpdi->setSourceFileWithParserParams()
#4 C:\Users\USUARIO\OneDrive\Documentos\code\proyecto carlitos\bienesraices\admin\index.php(84): setasign\Fpdi\Fpdi->setSourceFile()
#5 {main}
  thrown in C:\Users\USUARIO\OneDrive\Documentos\code\proyecto carlitos\bienesraices\vendor\setasign\fpdi\src\PdfParser\StreamReader.php on line 104
[22-Mar-2024 21:52:22 UTC] PHP Warning:  fopen(imagenes/0fbac1d33472bf6e9e3b0b69e38ea05d.pdf): Failed to open stream: No such file or directory in C:\Users\USUARIO\OneDrive\Documentos\code\proyecto carlitos\bienesraices\vendor\setasign\fpdi\src\PdfParser\StreamReader.php on line 42
[22-Mar-2024 21:52:22 UTC] PHP Fatal error:  Uncaught InvalidArgumentException: No stream given. in C:\Users\USUARIO\OneDrive\Documentos\code\proyecto carlitos\bienesraices\vendor\setasign\fpdi\src\PdfParser\StreamReader.php:104
Stack trace:
#0 C:\Users\USUARIO\OneDrive\Documentos\code\proyecto carlitos\bienesraices\vendor\setasign\fpdi\src\PdfParser\StreamReader.php(43): setasign\Fpdi\PdfParser\StreamReader->__construct()
#1 C:\Users\USUARIO\OneDrive\Documentos\code\proyecto carlitos\bienesraices\vendor\setasign\fpdi\src\FpdiTrait.php(177): setasign\Fpdi\PdfParser\StreamReader::createByFile()
#2 C:\Users\USUARIO\OneDrive\Documentos\code\proyecto carlitos\bienesraices\vendor\setasign\fpdi\src\FpdiTrait.php(233): setasign\Fpdi\Fpdi->getPdfReaderId()
#3 C:\Users\USUARIO\OneDrive\Documentos\code\proyecto carlitos\bienesraices\vendor\setasign\fpdi\src\FpdiTrait.php(216): setasign\Fpdi\Fpdi->setSourceFileWithParserParams()
#4 C:\Users\USUARIO\OneDrive\Documentos\code\proyecto carlitos\bienesraices\admin\index.php(84): setasign\Fpdi\Fpdi->setSourceFile()
#5 {main}
  thrown in C:\Users\USUARIO\OneDrive\Documentos\code\proyecto carlitos\bienesraices\vendor\setasign\fpdi\src\PdfParser\StreamReader.php on line 104
[22-Mar-2024 21:54:40 UTC] PHP Warning:  fopen(imagenes/0fbac1d33472bf6e9e3b0b69e38ea05d.pdf): Failed to open stream: No such file or directory in C:\Users\USUARIO\OneDrive\Documentos\code\proyecto carlitos\bienesraices\vendor\setasign\fpdi\src\PdfParser\StreamReader.php on line 42
[22-Mar-2024 21:54:40 UTC] PHP Fatal error:  Uncaught InvalidArgumentException: No stream given. in C:\Users\USUARIO\OneDrive\Documentos\code\proyecto carlitos\bienesraices\vendor\setasign\fpdi\src\PdfParser\StreamReader.php:104
Stack trace:
#0 C:\Users\USUARIO\OneDrive\Documentos\code\proyecto carlitos\bienesraices\vendor\setasign\fpdi\src\PdfParser\StreamReader.php(43): setasign\Fpdi\PdfParser\StreamReader->__construct()
#1 C:\Users\USUARIO\OneDrive\Documentos\code\proyecto carlitos\bienesraices\vendor\setasign\fpdi\src\FpdiTrait.php(177): setasign\Fpdi\PdfParser\StreamReader::createByFile()
#2 C:\Users\USUARIO\OneDrive\Documentos\code\proyecto carlitos\bienesraices\vendor\setasign\fpdi\src\FpdiTrait.php(233): setasign\Fpdi\Fpdi->getPdfReaderId()
#3 C:\Users\USUARIO\OneDrive\Documentos\code\proyecto carlitos\bienesraices\vendor\setasign\fpdi\src\FpdiTrait.php(216): setasign\Fpdi\Fpdi->setSourceFileWithParserParams()
#4 C:\Users\USUARIO\OneDrive\Documentos\code\proyecto carlitos\bienesraices\admin\index.php(82): setasign\Fpdi\Fpdi->setSourceFile()
#5 {main}
  thrown in C:\Users\USUARIO\OneDrive\Documentos\code\proyecto carlitos\bienesraices\vendor\setasign\fpdi\src\PdfParser\StreamReader.php on line 104
[22-Mar-2024 21:54:41 UTC] PHP Warning:  fopen(imagenes/0fbac1d33472bf6e9e3b0b69e38ea05d.pdf): Failed to open stream: No such file or directory in C:\Users\USUARIO\OneDrive\Documentos\code\proyecto carlitos\bienesraices\vendor\setasign\fpdi\src\PdfParser\StreamReader.php on line 42
[22-Mar-2024 21:54:41 UTC] PHP Fatal error:  Uncaught InvalidArgumentException: No stream given. in C:\Users\USUARIO\OneDrive\Documentos\code\proyecto carlitos\bienesraices\vendor\setasign\fpdi\src\PdfParser\StreamReader.php:104
Stack trace:
#0 C:\Users\USUARIO\OneDrive\Documentos\code\proyecto carlitos\bienesraices\vendor\setasign\fpdi\src\PdfParser\StreamReader.php(43): setasign\Fpdi\PdfParser\StreamReader->__construct()
#1 C:\Users\USUARIO\OneDrive\Documentos\code\proyecto carlitos\bienesraices\vendor\setasign\fpdi\src\FpdiTrait.php(177): setasign\Fpdi\PdfParser\StreamReader::createByFile()
#2 C:\Users\USUARIO\OneDrive\Documentos\code\proyecto carlitos\bienesraices\vendor\setasign\fpdi\src\FpdiTrait.php(233): setasign\Fpdi\Fpdi->getPdfReaderId()
#3 C:\Users\USUARIO\OneDrive\Documentos\code\proyecto carlitos\bienesraices\vendor\setasign\fpdi\src\FpdiTrait.php(216): setasign\Fpdi\Fpdi->setSourceFileWithParserParams()
#4 C:\Users\USUARIO\OneDrive\Documentos\code\proyecto carlitos\bienesraices\admin\index.php(82): setasign\Fpdi\Fpdi->setSourceFile()
#5 {main}
  thrown in C:\Users\USUARIO\OneDrive\Documentos\code\proyecto carlitos\bienesraices\vendor\setasign\fpdi\src\PdfParser\StreamReader.php on line 104
[22-Mar-2024 21:54:41 UTC] PHP Warning:  fopen(imagenes/0fbac1d33472bf6e9e3b0b69e38ea05d.pdf): Failed to open stream: No such file or directory in C:\Users\USUARIO\OneDrive\Documentos\code\proyecto carlitos\bienesraices\vendor\setasign\fpdi\src\PdfParser\StreamReader.php on line 42
[22-Mar-2024 21:54:41 UTC] PHP Fatal error:  Uncaught InvalidArgumentException: No stream given. in C:\Users\USUARIO\OneDrive\Documentos\code\proyecto carlitos\bienesraices\vendor\setasign\fpdi\src\PdfParser\StreamReader.php:104
Stack trace:
#0 C:\Users\USUARIO\OneDrive\Documentos\code\proyecto carlitos\bienesraices\vendor\setasign\fpdi\src\PdfParser\StreamReader.php(43): setasign\Fpdi\PdfParser\StreamReader->__construct()
#1 C:\Users\USUARIO\OneDrive\Documentos\code\proyecto carlitos\bienesraices\vendor\setasign\fpdi\src\FpdiTrait.php(177): setasign\Fpdi\PdfParser\StreamReader::createByFile()
#2 C:\Users\USUARIO\OneDrive\Documentos\code\proyecto carlitos\bienesraices\vendor\setasign\fpdi\src\FpdiTrait.php(233): setasign\Fpdi\Fpdi->getPdfReaderId()
#3 C:\Users\USUARIO\OneDrive\Documentos\code\proyecto carlitos\bienesraices\vendor\setasign\fpdi\src\FpdiTrait.php(216): setasign\Fpdi\Fpdi->setSourceFileWithParserParams()
#4 C:\Users\USUARIO\OneDrive\Documentos\code\proyecto carlitos\bienesraices\admin\index.php(82): setasign\Fpdi\Fpdi->setSourceFile()
#5 {main}
  thrown in C:\Users\USUARIO\OneDrive\Documentos\code\proyecto carlitos\bienesraices\vendor\setasign\fpdi\src\PdfParser\StreamReader.php on line 104
[22-Mar-2024 21:54:41 UTC] PHP Warning:  fopen(imagenes/0fbac1d33472bf6e9e3b0b69e38ea05d.pdf): Failed to open stream: No such file or directory in C:\Users\USUARIO\OneDrive\Documentos\code\proyecto carlitos\bienesraices\vendor\setasign\fpdi\src\PdfParser\StreamReader.php on line 42
[22-Mar-2024 21:54:41 UTC] PHP Fatal error:  Uncaught InvalidArgumentException: No stream given. in C:\Users\USUARIO\OneDrive\Documentos\code\proyecto carlitos\bienesraices\vendor\setasign\fpdi\src\PdfParser\StreamReader.php:104
Stack trace:
#0 C:\Users\USUARIO\OneDrive\Documentos\code\proyecto carlitos\bienesraices\vendor\setasign\fpdi\src\PdfParser\StreamReader.php(43): setasign\Fpdi\PdfParser\StreamReader->__construct()
#1 C:\Users\USUARIO\OneDrive\Documentos\code\proyecto carlitos\bienesraices\vendor\setasign\fpdi\src\FpdiTrait.php(177): setasign\Fpdi\PdfParser\StreamReader::createByFile()
#2 C:\Users\USUARIO\OneDrive\Documentos\code\proyecto carlitos\bienesraices\vendor\setasign\fpdi\src\FpdiTrait.php(233): setasign\Fpdi\Fpdi->getPdfReaderId()
#3 C:\Users\USUARIO\OneDrive\Documentos\code\proyecto carlitos\bienesraices\vendor\setasign\fpdi\src\FpdiTrait.php(216): setasign\Fpdi\Fpdi->setSourceFileWithParserParams()
#4 C:\Users\USUARIO\OneDrive\Documentos\code\proyecto carlitos\bienesraices\admin\index.php(82): setasign\Fpdi\Fpdi->setSourceFile()
#5 {main}
  thrown in C:\Users\USUARIO\OneDrive\Documentos\code\proyecto carlitos\bienesraices\vendor\setasign\fpdi\src\PdfParser\StreamReader.php on line 104
[22-Mar-2024 21:54:42 UTC] PHP Warning:  fopen(imagenes/0fbac1d33472bf6e9e3b0b69e38ea05d.pdf): Failed to open stream: No such file or directory in C:\Users\USUARIO\OneDrive\Documentos\code\proyecto carlitos\bienesraices\vendor\setasign\fpdi\src\PdfParser\StreamReader.php on line 42
[22-Mar-2024 21:54:42 UTC] PHP Fatal error:  Uncaught InvalidArgumentException: No stream given. in C:\Users\USUARIO\OneDrive\Documentos\code\proyecto carlitos\bienesraices\vendor\setasign\fpdi\src\PdfParser\StreamReader.php:104
Stack trace:
#0 C:\Users\USUARIO\OneDrive\Documentos\code\proyecto carlitos\bienesraices\vendor\setasign\fpdi\src\PdfParser\StreamReader.php(43): setasign\Fpdi\PdfParser\StreamReader->__construct()
#1 C:\Users\USUARIO\OneDrive\Documentos\code\proyecto carlitos\bienesraices\vendor\setasign\fpdi\src\FpdiTrait.php(177): setasign\Fpdi\PdfParser\StreamReader::createByFile()
#2 C:\Users\USUARIO\OneDrive\Documentos\code\proyecto carlitos\bienesraices\vendor\setasign\fpdi\src\FpdiTrait.php(233): setasign\Fpdi\Fpdi->getPdfReaderId()
#3 C:\Users\USUARIO\OneDrive\Documentos\code\proyecto carlitos\bienesraices\vendor\setasign\fpdi\src\FpdiTrait.php(216): setasign\Fpdi\Fpdi->setSourceFileWithParserParams()
#4 C:\Users\USUARIO\OneDrive\Documentos\code\proyecto carlitos\bienesraices\admin\index.php(82): setasign\Fpdi\Fpdi->setSourceFile()
#5 {main}
  thrown in C:\Users\USUARIO\OneDrive\Documentos\code\proyecto carlitos\bienesraices\vendor\setasign\fpdi\src\PdfParser\StreamReader.php on line 104
[22-Mar-2024 21:54:42 UTC] PHP Warning:  fopen(imagenes/0fbac1d33472bf6e9e3b0b69e38ea05d.pdf): Failed to open stream: No such file or directory in C:\Users\USUARIO\OneDrive\Documentos\code\proyecto carlitos\bienesraices\vendor\setasign\fpdi\src\PdfParser\StreamReader.php on line 42
[22-Mar-2024 21:54:42 UTC] PHP Fatal error:  Uncaught InvalidArgumentException: No stream given. in C:\Users\USUARIO\OneDrive\Documentos\code\proyecto carlitos\bienesraices\vendor\setasign\fpdi\src\PdfParser\StreamReader.php:104
Stack trace:
#0 C:\Users\USUARIO\OneDrive\Documentos\code\proyecto carlitos\bienesraices\vendor\setasign\fpdi\src\PdfParser\StreamReader.php(43): setasign\Fpdi\PdfParser\StreamReader->__construct()
#1 C:\Users\USUARIO\OneDrive\Documentos\code\proyecto carlitos\bienesraices\vendor\setasign\fpdi\src\FpdiTrait.php(177): setasign\Fpdi\PdfParser\StreamReader::createByFile()
#2 C:\Users\USUARIO\OneDrive\Documentos\code\proyecto carlitos\bienesraices\vendor\setasign\fpdi\src\FpdiTrait.php(233): setasign\Fpdi\Fpdi->getPdfReaderId()
#3 C:\Users\USUARIO\OneDrive\Documentos\code\proyecto carlitos\bienesraices\vendor\setasign\fpdi\src\FpdiTrait.php(216): setasign\Fpdi\Fpdi->setSourceFileWithParserParams()
#4 C:\Users\USUARIO\OneDrive\Documentos\code\proyecto carlitos\bienesraices\admin\index.php(82): setasign\Fpdi\Fpdi->setSourceFile()
#5 {main}
  thrown in C:\Users\USUARIO\OneDrive\Documentos\code\proyecto carlitos\bienesraices\vendor\setasign\fpdi\src\PdfParser\StreamReader.php on line 104
[22-Mar-2024 21:54:42 UTC] PHP Warning:  fopen(imagenes/0fbac1d33472bf6e9e3b0b69e38ea05d.pdf): Failed to open stream: No such file or directory in C:\Users\USUARIO\OneDrive\Documentos\code\proyecto carlitos\bienesraices\vendor\setasign\fpdi\src\PdfParser\StreamReader.php on line 42
[22-Mar-2024 21:54:42 UTC] PHP Fatal error:  Uncaught InvalidArgumentException: No stream given. in C:\Users\USUARIO\OneDrive\Documentos\code\proyecto carlitos\bienesraices\vendor\setasign\fpdi\src\PdfParser\StreamReader.php:104
Stack trace:
#0 C:\Users\USUARIO\OneDrive\Documentos\code\proyecto carlitos\bienesraices\vendor\setasign\fpdi\src\PdfParser\StreamReader.php(43): setasign\Fpdi\PdfParser\StreamReader->__construct()
#1 C:\Users\USUARIO\OneDrive\Documentos\code\proyecto carlitos\bienesraices\vendor\setasign\fpdi\src\FpdiTrait.php(177): setasign\Fpdi\PdfParser\StreamReader::createByFile()
#2 C:\Users\USUARIO\OneDrive\Documentos\code\proyecto carlitos\bienesraices\vendor\setasign\fpdi\src\FpdiTrait.php(233): setasign\Fpdi\Fpdi->getPdfReaderId()
#3 C:\Users\USUARIO\OneDrive\Documentos\code\proyecto carlitos\bienesraices\vendor\setasign\fpdi\src\FpdiTrait.php(216): setasign\Fpdi\Fpdi->setSourceFileWithParserParams()
#4 C:\Users\USUARIO\OneDrive\Documentos\code\proyecto carlitos\bienesraices\admin\index.php(82): setasign\Fpdi\Fpdi->setSourceFile()
#5 {main}
  thrown in C:\Users\USUARIO\OneDrive\Documentos\code\proyecto carlitos\bienesraices\vendor\setasign\fpdi\src\PdfParser\StreamReader.php on line 104
[22-Mar-2024 21:55:08 UTC] PHP Fatal error:  Uncaught Error: Class "Fpdi" not found in C:\Users\USUARIO\OneDrive\Documentos\code\proyecto carlitos\bienesraices\admin\index.php:81
Stack trace:
#0 {main}
  thrown in C:\Users\USUARIO\OneDrive\Documentos\code\proyecto carlitos\bienesraices\admin\index.php on line 81
[22-Mar-2024 22:04:38 UTC] PHP Parse error:  syntax error, unexpected token "elseif" in C:\Users\USUARIO\OneDrive\Documentos\code\proyecto carlitos\bienesraices\admin\index.php on line 83
[22-Mar-2024 22:06:22 UTC] PHP Parse error:  syntax error, unexpected token "elseif" in C:\Users\USUARIO\OneDrive\Documentos\code\proyecto carlitos\bienesraices\admin\index.php on line 83
[22-Mar-2024 22:06:23 UTC] PHP Parse error:  syntax error, unexpected token "elseif" in C:\Users\USUARIO\OneDrive\Documentos\code\proyecto carlitos\bienesraices\admin\index.php on line 83
[22-Mar-2024 22:06:23 UTC] PHP Parse error:  syntax error, unexpected token "elseif" in C:\Users\USUARIO\OneDrive\Documentos\code\proyecto carlitos\bienesraices\admin\index.php on line 83
[22-Mar-2024 22:06:23 UTC] PHP Parse error:  syntax error, unexpected token "elseif" in C:\Users\USUARIO\OneDrive\Documentos\code\proyecto carlitos\bienesraices\admin\index.php on line 83
[22-Mar-2024 22:06:24 UTC] PHP Parse error:  syntax error, unexpected token "elseif" in C:\Users\USUARIO\OneDrive\Documentos\code\proyecto carlitos\bienesraices\admin\index.php on line 83
[22-Mar-2024 22:06:24 UTC] PHP Parse error:  syntax error, unexpected token "elseif" in C:\Users\USUARIO\OneDrive\Documentos\code\proyecto carlitos\bienesraices\admin\index.php on line 83
[22-Mar-2024 22:06:24 UTC] PHP Parse error:  syntax error, unexpected token "elseif" in C:\Users\USUARIO\OneDrive\Documentos\code\proyecto carlitos\bienesraices\admin\index.php on line 83
[22-Mar-2024 22:06:30 UTC] PHP Warning:  Undefined array key "imagen" in C:\Users\USUARIO\OneDrive\Documentos\code\proyecto carlitos\bienesraices\admin\index.php on line 78
[22-Mar-2024 22:06:30 UTC] PHP Deprecated:  pathinfo(): Passing null to parameter #1 ($path) of type string is deprecated in C:\Users\USUARIO\OneDrive\Documentos\code\proyecto carlitos\bienesraices\admin\index.php on line 78
[22-Mar-2024 22:06:30 UTC] PHP Warning:  Undefined array key "imagen" in C:\Users\USUARIO\OneDrive\Documentos\code\proyecto carlitos\bienesraices\admin\index.php on line 78
[22-Mar-2024 22:06:30 UTC] PHP Deprecated:  pathinfo(): Passing null to parameter #1 ($path) of type string is deprecated in C:\Users\USUARIO\OneDrive\Documentos\code\proyecto carlitos\bienesraices\admin\index.php on line 78
[22-Mar-2024 22:06:30 UTC] PHP Warning:  Undefined array key "imagen" in C:\Users\USUARIO\OneDrive\Documentos\code\proyecto carlitos\bienesraices\admin\index.php on line 78
[22-Mar-2024 22:06:30 UTC] PHP Deprecated:  pathinfo(): Passing null to parameter #1 ($path) of type string is deprecated in C:\Users\USUARIO\OneDrive\Documentos\code\proyecto carlitos\bienesraices\admin\index.php on line 78
[22-Mar-2024 22:06:30 UTC] PHP Warning:  Undefined array key "imagen" in C:\Users\USUARIO\OneDrive\Documentos\code\proyecto carlitos\bienesraices\admin\index.php on line 78
[22-Mar-2024 22:06:30 UTC] PHP Deprecated:  pathinfo(): Passing null to parameter #1 ($path) of type string is deprecated in C:\Users\USUARIO\OneDrive\Documentos\code\proyecto carlitos\bienesraices\admin\index.php on line 78
[22-Mar-2024 22:06:30 UTC] PHP Warning:  Undefined array key "imagen" in C:\Users\USUARIO\OneDrive\Documentos\code\proyecto carlitos\bienesraices\admin\index.php on line 78
[22-Mar-2024 22:06:30 UTC] PHP Deprecated:  pathinfo(): Passing null to parameter #1 ($path) of type string is deprecated in C:\Users\USUARIO\OneDrive\Documentos\code\proyecto carlitos\bienesraices\admin\index.php on line 78
[22-Mar-2024 22:06:30 UTC] PHP Warning:  Undefined array key "imagen" in C:\Users\USUARIO\OneDrive\Documentos\code\proyecto carlitos\bienesraices\admin\index.php on line 78
[22-Mar-2024 22:06:30 UTC] PHP Deprecated:  pathinfo(): Passing null to parameter #1 ($path) of type string is deprecated in C:\Users\USUARIO\OneDrive\Documentos\code\proyecto carlitos\bienesraices\admin\index.php on line 78
[22-Mar-2024 22:07:46 UTC] PHP Warning:  Undefined array key "imagen" in C:\Users\USUARIO\OneDrive\Documentos\code\proyecto carlitos\bienesraices\admin\index.php on line 79
[22-Mar-2024 22:07:46 UTC] PHP Deprecated:  pathinfo(): Passing null to parameter #1 ($path) of type string is deprecated in C:\Users\USUARIO\OneDrive\Documentos\code\proyecto carlitos\bienesraices\admin\index.php on line 79
[22-Mar-2024 22:07:46 UTC] PHP Warning:  Undefined array key "imagen" in C:\Users\USUARIO\OneDrive\Documentos\code\proyecto carlitos\bienesraices\admin\index.php on line 79
[22-Mar-2024 22:07:46 UTC] PHP Deprecated:  pathinfo(): Passing null to parameter #1 ($path) of type string is deprecated in C:\Users\USUARIO\OneDrive\Documentos\code\proyecto carlitos\bienesraices\admin\index.php on line 79
[22-Mar-2024 22:07:46 UTC] PHP Warning:  Undefined array key "imagen" in C:\Users\USUARIO\OneDrive\Documentos\code\proyecto carlitos\bienesraices\admin\index.php on line 79
[22-Mar-2024 22:07:46 UTC] PHP Deprecated:  pathinfo(): Passing null to parameter #1 ($path) of type string is deprecated in C:\Users\USUARIO\OneDrive\Documentos\code\proyecto carlitos\bienesraices\admin\index.php on line 79
[22-Mar-2024 22:07:46 UTC] PHP Warning:  Undefined array key "imagen" in C:\Users\USUARIO\OneDrive\Documentos\code\proyecto carlitos\bienesraices\admin\index.php on line 79
[22-Mar-2024 22:07:46 UTC] PHP Deprecated:  pathinfo(): Passing null to parameter #1 ($path) of type string is deprecated in C:\Users\USUARIO\OneDrive\Documentos\code\proyecto carlitos\bienesraices\admin\index.php on line 79
[22-Mar-2024 22:07:46 UTC] PHP Warning:  Undefined array key "imagen" in C:\Users\USUARIO\OneDrive\Documentos\code\proyecto carlitos\bienesraices\admin\index.php on line 79
[22-Mar-2024 22:07:46 UTC] PHP Deprecated:  pathinfo(): Passing null to parameter #1 ($path) of type string is deprecated in C:\Users\USUARIO\OneDrive\Documentos\code\proyecto carlitos\bienesraices\admin\index.php on line 79
[22-Mar-2024 22:07:46 UTC] PHP Warning:  Undefined array key "imagen" in C:\Users\USUARIO\OneDrive\Documentos\code\proyecto carlitos\bienesraices\admin\index.php on line 79
[22-Mar-2024 22:07:46 UTC] PHP Deprecated:  pathinfo(): Passing null to parameter #1 ($path) of type string is deprecated in C:\Users\USUARIO\OneDrive\Documentos\code\proyecto carlitos\bienesraices\admin\index.php on line 79
[22-Mar-2024 22:07:46 UTC] PHP Warning:  Undefined array key "imagen" in C:\Users\USUARIO\OneDrive\Documentos\code\proyecto carlitos\bienesraices\admin\index.php on line 79
[22-Mar-2024 22:07:46 UTC] PHP Deprecated:  pathinfo(): Passing null to parameter #1 ($path) of type string is deprecated in C:\Users\USUARIO\OneDrive\Documentos\code\proyecto carlitos\bienesraices\admin\index.php on line 79
[22-Mar-2024 22:07:46 UTC] PHP Warning:  Undefined array key "imagen" in C:\Users\USUARIO\OneDrive\Documentos\code\proyecto carlitos\bienesraices\admin\index.php on line 79
[22-Mar-2024 22:07:46 UTC] PHP Deprecated:  pathinfo(): Passing null to parameter #1 ($path) of type string is deprecated in C:\Users\USUARIO\OneDrive\Documentos\code\proyecto carlitos\bienesraices\admin\index.php on line 79
[22-Mar-2024 22:07:46 UTC] PHP Warning:  Undefined array key "imagen" in C:\Users\USUARIO\OneDrive\Documentos\code\proyecto carlitos\bienesraices\admin\index.php on line 79
[22-Mar-2024 22:07:46 UTC] PHP Deprecated:  pathinfo(): Passing null to parameter #1 ($path) of type string is deprecated in C:\Users\USUARIO\OneDrive\Documentos\code\proyecto carlitos\bienesraices\admin\index.php on line 79
[22-Mar-2024 22:07:46 UTC] PHP Warning:  Undefined array key "imagen" in C:\Users\USUARIO\OneDrive\Documentos\code\proyecto carlitos\bienesraices\admin\index.php on line 79
[22-Mar-2024 22:07:46 UTC] PHP Deprecated:  pathinfo(): Passing null to parameter #1 ($path) of type string is deprecated in C:\Users\USUARIO\OneDrive\Documentos\code\proyecto carlitos\bienesraices\admin\index.php on line 79
[22-Mar-2024 22:07:46 UTC] PHP Warning:  Undefined array key "imagen" in C:\Users\USUARIO\OneDrive\Documentos\code\proyecto carlitos\bienesraices\admin\index.php on line 79
[22-Mar-2024 22:07:46 UTC] PHP Deprecated:  pathinfo(): Passing null to parameter #1 ($path) of type string is deprecated in C:\Users\USUARIO\OneDrive\Documentos\code\proyecto carlitos\bienesraices\admin\index.php on line 79
[22-Mar-2024 22:07:46 UTC] PHP Warning:  Undefined array key "imagen" in C:\Users\USUARIO\OneDrive\Documentos\code\proyecto carlitos\bienesraices\admin\index.php on line 79
[22-Mar-2024 22:07:46 UTC] PHP Deprecated:  pathinfo(): Passing null to parameter #1 ($path) of type string is deprecated in C:\Users\USUARIO\OneDrive\Documentos\code\proyecto carlitos\bienesraices\admin\index.php on line 79
[22-Mar-2024 22:07:47 UTC] PHP Warning:  Undefined array key "imagen" in C:\Users\USUARIO\OneDrive\Documentos\code\proyecto carlitos\bienesraices\admin\index.php on line 79
[22-Mar-2024 22:07:47 UTC] PHP Deprecated:  pathinfo(): Passing null to parameter #1 ($path) of type string is deprecated in C:\Users\USUARIO\OneDrive\Documentos\code\proyecto carlitos\bienesraices\admin\index.php on line 79
[22-Mar-2024 22:07:47 UTC] PHP Warning:  Undefined array key "imagen" in C:\Users\USUARIO\OneDrive\Documentos\code\proyecto carlitos\bienesraices\admin\index.php on line 79
[22-Mar-2024 22:07:47 UTC] PHP Deprecated:  pathinfo(): Passing null to parameter #1 ($path) of type string is deprecated in C:\Users\USUARIO\OneDrive\Documentos\code\proyecto carlitos\bienesraices\admin\index.php on line 79
[22-Mar-2024 22:07:47 UTC] PHP Warning:  Undefined array key "imagen" in C:\Users\USUARIO\OneDrive\Documentos\code\proyecto carlitos\bienesraices\admin\index.php on line 79
[22-Mar-2024 22:07:47 UTC] PHP Deprecated:  pathinfo(): Passing null to parameter #1 ($path) of type string is deprecated in C:\Users\USUARIO\OneDrive\Documentos\code\proyecto carlitos\bienesraices\admin\index.php on line 79
[22-Mar-2024 22:07:47 UTC] PHP Warning:  Undefined array key "imagen" in C:\Users\USUARIO\OneDrive\Documentos\code\proyecto carlitos\bienesraices\admin\index.php on line 79
[22-Mar-2024 22:07:47 UTC] PHP Deprecated:  pathinfo(): Passing null to parameter #1 ($path) of type string is deprecated in C:\Users\USUARIO\OneDrive\Documentos\code\proyecto carlitos\bienesraices\admin\index.php on line 79
[22-Mar-2024 22:07:47 UTC] PHP Warning:  Undefined array key "imagen" in C:\Users\USUARIO\OneDrive\Documentos\code\proyecto carlitos\bienesraices\admin\index.php on line 79
[22-Mar-2024 22:07:47 UTC] PHP Deprecated:  pathinfo(): Passing null to parameter #1 ($path) of type string is deprecated in C:\Users\USUARIO\OneDrive\Documentos\code\proyecto carlitos\bienesraices\admin\index.php on line 79
[22-Mar-2024 22:07:47 UTC] PHP Warning:  Undefined array key "imagen" in C:\Users\USUARIO\OneDrive\Documentos\code\proyecto carlitos\bienesraices\admin\index.php on line 79
[22-Mar-2024 22:07:47 UTC] PHP Deprecated:  pathinfo(): Passing null to parameter #1 ($path) of type string is deprecated in C:\Users\USUARIO\OneDrive\Documentos\code\proyecto carlitos\bienesraices\admin\index.php on line 79
[22-Mar-2024 22:07:47 UTC] PHP Warning:  Undefined array key "imagen" in C:\Users\USUARIO\OneDrive\Documentos\code\proyecto carlitos\bienesraices\admin\index.php on line 79
[22-Mar-2024 22:07:47 UTC] PHP Deprecated:  pathinfo(): Passing null to parameter #1 ($path) of type string is deprecated in C:\Users\USUARIO\OneDrive\Documentos\code\proyecto carlitos\bienesraices\admin\index.php on line 79
[22-Mar-2024 22:07:47 UTC] PHP Warning:  Undefined array key "imagen" in C:\Users\USUARIO\OneDrive\Documentos\code\proyecto carlitos\bienesraices\admin\index.php on line 79
[22-Mar-2024 22:07:47 UTC] PHP Deprecated:  pathinfo(): Passing null to parameter #1 ($path) of type string is deprecated in C:\Users\USUARIO\OneDrive\Documentos\code\proyecto carlitos\bienesraices\admin\index.php on line 79
[22-Mar-2024 22:07:47 UTC] PHP Warning:  Undefined array key "imagen" in C:\Users\USUARIO\OneDrive\Documentos\code\proyecto carlitos\bienesraices\admin\index.php on line 79
[22-Mar-2024 22:07:47 UTC] PHP Deprecated:  pathinfo(): Passing null to parameter #1 ($path) of type string is deprecated in C:\Users\USUARIO\OneDrive\Documentos\code\proyecto carlitos\bienesraices\admin\index.php on line 79
[22-Mar-2024 22:07:47 UTC] PHP Warning:  Undefined array key "imagen" in C:\Users\USUARIO\OneDrive\Documentos\code\proyecto carlitos\bienesraices\admin\index.php on line 79
[22-Mar-2024 22:07:47 UTC] PHP Deprecated:  pathinfo(): Passing null to parameter #1 ($path) of type string is deprecated in C:\Users\USUARIO\OneDrive\Documentos\code\proyecto carlitos\bienesraices\admin\index.php on line 79
[22-Mar-2024 22:07:47 UTC] PHP Warning:  Undefined array key "imagen" in C:\Users\USUARIO\OneDrive\Documentos\code\proyecto carlitos\bienesraices\admin\index.php on line 79
[22-Mar-2024 22:07:47 UTC] PHP Deprecated:  pathinfo(): Passing null to parameter #1 ($path) of type string is deprecated in C:\Users\USUARIO\OneDrive\Documentos\code\proyecto carlitos\bienesraices\admin\index.php on line 79
[22-Mar-2024 22:07:47 UTC] PHP Warning:  Undefined array key "imagen" in C:\Users\USUARIO\OneDrive\Documentos\code\proyecto carlitos\bienesraices\admin\index.php on line 79
[22-Mar-2024 22:07:47 UTC] PHP Deprecated:  pathinfo(): Passing null to parameter #1 ($path) of type string is deprecated in C:\Users\USUARIO\OneDrive\Documentos\code\proyecto carlitos\bienesraices\admin\index.php on line 79
[22-Mar-2024 22:07:47 UTC] PHP Warning:  Undefined array key "imagen" in C:\Users\USUARIO\OneDrive\Documentos\code\proyecto carlitos\bienesraices\admin\index.php on line 79
[22-Mar-2024 22:07:47 UTC] PHP Deprecated:  pathinfo(): Passing null to parameter #1 ($path) of type string is deprecated in C:\Users\USUARIO\OneDrive\Documentos\code\proyecto carlitos\bienesraices\admin\index.php on line 79
[22-Mar-2024 22:07:47 UTC] PHP Warning:  Undefined array key "imagen" in C:\Users\USUARIO\OneDrive\Documentos\code\proyecto carlitos\bienesraices\admin\index.php on line 79
[22-Mar-2024 22:07:47 UTC] PHP Deprecated:  pathinfo(): Passing null to parameter #1 ($path) of type string is deprecated in C:\Users\USUARIO\OneDrive\Documentos\code\proyecto carlitos\bienesraices\admin\index.php on line 79
[22-Mar-2024 22:07:47 UTC] PHP Warning:  Undefined array key "imagen" in C:\Users\USUARIO\OneDrive\Documentos\code\proyecto carlitos\bienesraices\admin\index.php on line 79
[22-Mar-2024 22:07:47 UTC] PHP Deprecated:  pathinfo(): Passing null to parameter #1 ($path) of type string is deprecated in C:\Users\USUARIO\OneDrive\Documentos\code\proyecto carlitos\bienesraices\admin\index.php on line 79
[22-Mar-2024 22:07:47 UTC] PHP Warning:  Undefined array key "imagen" in C:\Users\USUARIO\OneDrive\Documentos\code\proyecto carlitos\bienesraices\admin\index.php on line 79
[22-Mar-2024 22:07:47 UTC] PHP Deprecated:  pathinfo(): Passing null to parameter #1 ($path) of type string is deprecated in C:\Users\USUARIO\OneDrive\Documentos\code\proyecto carlitos\bienesraices\admin\index.php on line 79
[22-Mar-2024 22:07:47 UTC] PHP Warning:  Undefined array key "imagen" in C:\Users\USUARIO\OneDrive\Documentos\code\proyecto carlitos\bienesraices\admin\index.php on line 79
[22-Mar-2024 22:07:47 UTC] PHP Deprecated:  pathinfo(): Passing null to parameter #1 ($path) of type string is deprecated in C:\Users\USUARIO\OneDrive\Documentos\code\proyecto carlitos\bienesraices\admin\index.php on line 79
[22-Mar-2024 22:07:47 UTC] PHP Warning:  Undefined array key "imagen" in C:\Users\USUARIO\OneDrive\Documentos\code\proyecto carlitos\bienesraices\admin\index.php on line 79
[22-Mar-2024 22:07:47 UTC] PHP Deprecated:  pathinfo(): Passing null to parameter #1 ($path) of type string is deprecated in C:\Users\USUARIO\OneDrive\Documentos\code\proyecto carlitos\bienesraices\admin\index.php on line 79
[22-Mar-2024 22:07:47 UTC] PHP Warning:  Undefined array key "imagen" in C:\Users\USUARIO\OneDrive\Documentos\code\proyecto carlitos\bienesraices\admin\index.php on line 79
[22-Mar-2024 22:07:47 UTC] PHP Deprecated:  pathinfo(): Passing null to parameter #1 ($path) of type string is deprecated in C:\Users\USUARIO\OneDrive\Documentos\code\proyecto carlitos\bienesraices\admin\index.php on line 79
[22-Mar-2024 22:07:47 UTC] PHP Warning:  Undefined array key "imagen" in C:\Users\USUARIO\OneDrive\Documentos\code\proyecto carlitos\bienesraices\admin\index.php on line 79
[22-Mar-2024 22:07:47 UTC] PHP Deprecated:  pathinfo(): Passing null to parameter #1 ($path) of type string is deprecated in C:\Users\USUARIO\OneDrive\Documentos\code\proyecto carlitos\bienesraices\admin\index.php on line 79
[22-Mar-2024 22:07:47 UTC] PHP Warning:  Undefined array key "imagen" in C:\Users\USUARIO\OneDrive\Documentos\code\proyecto carlitos\bienesraices\admin\index.php on line 79
[22-Mar-2024 22:07:47 UTC] PHP Deprecated:  pathinfo(): Passing null to parameter #1 ($path) of type string is deprecated in C:\Users\USUARIO\OneDrive\Documentos\code\proyecto carlitos\bienesraices\admin\index.php on line 79
[22-Mar-2024 22:07:47 UTC] PHP Warning:  Undefined array key "imagen" in C:\Users\USUARIO\OneDrive\Documentos\code\proyecto carlitos\bienesraices\admin\index.php on line 79
[22-Mar-2024 22:07:47 UTC] PHP Deprecated:  pathinfo(): Passing null to parameter #1 ($path) of type string is deprecated in C:\Users\USUARIO\OneDrive\Documentos\code\proyecto carlitos\bienesraices\admin\index.php on line 79
[22-Mar-2024 22:07:47 UTC] PHP Warning:  Undefined array key "imagen" in C:\Users\USUARIO\OneDrive\Documentos\code\proyecto carlitos\bienesraices\admin\index.php on line 79
[22-Mar-2024 22:07:47 UTC] PHP Deprecated:  pathinfo(): Passing null to parameter #1 ($path) of type string is deprecated in C:\Users\USUARIO\OneDrive\Documentos\code\proyecto carlitos\bienesraices\admin\index.php on line 79
[22-Mar-2024 22:07:47 UTC] PHP Warning:  Undefined array key "imagen" in C:\Users\USUARIO\OneDrive\Documentos\code\proyecto carlitos\bienesraices\admin\index.php on line 79
[22-Mar-2024 22:07:47 UTC] PHP Deprecated:  pathinfo(): Passing null to parameter #1 ($path) of type string is deprecated in C:\Users\USUARIO\OneDrive\Documentos\code\proyecto carlitos\bienesraices\admin\index.php on line 79
[22-Mar-2024 22:07:47 UTC] PHP Warning:  Undefined array key "imagen" in C:\Users\USUARIO\OneDrive\Documentos\code\proyecto carlitos\bienesraices\admin\index.php on line 79
[22-Mar-2024 22:07:47 UTC] PHP Deprecated:  pathinfo(): Passing null to parameter #1 ($path) of type string is deprecated in C:\Users\USUARIO\OneDrive\Documentos\code\proyecto carlitos\bienesraices\admin\index.php on line 79
[22-Mar-2024 22:07:47 UTC] PHP Warning:  Undefined array key "imagen" in C:\Users\USUARIO\OneDrive\Documentos\code\proyecto carlitos\bienesraices\admin\index.php on line 79
[22-Mar-2024 22:07:47 UTC] PHP Deprecated:  pathinfo(): Passing null to parameter #1 ($path) of type string is deprecated in C:\Users\USUARIO\OneDrive\Documentos\code\proyecto carlitos\bienesraices\admin\index.php on line 79
[22-Mar-2024 22:07:47 UTC] PHP Warning:  Undefined array key "imagen" in C:\Users\USUARIO\OneDrive\Documentos\code\proyecto carlitos\bienesraices\admin\index.php on line 79
[22-Mar-2024 22:07:47 UTC] PHP Deprecated:  pathinfo(): Passing null to parameter #1 ($path) of type string is deprecated in C:\Users\USUARIO\OneDrive\Documentos\code\proyecto carlitos\bienesraices\admin\index.php on line 79
[22-Mar-2024 22:07:47 UTC] PHP Warning:  Undefined array key "imagen" in C:\Users\USUARIO\OneDrive\Documentos\code\proyecto carlitos\bienesraices\admin\index.php on line 79
[22-Mar-2024 22:07:47 UTC] PHP Deprecated:  pathinfo(): Passing null to parameter #1 ($path) of type string is deprecated in C:\Users\USUARIO\OneDrive\Documentos\code\proyecto carlitos\bienesraices\admin\index.php on line 79
[22-Mar-2024 22:07:47 UTC] PHP Warning:  Undefined array key "imagen" in C:\Users\USUARIO\OneDrive\Documentos\code\proyecto carlitos\bienesraices\admin\index.php on line 79
[22-Mar-2024 22:07:47 UTC] PHP Deprecated:  pathinfo(): Passing null to parameter #1 ($path) of type string is deprecated in C:\Users\USUARIO\OneDrive\Documentos\code\proyecto carlitos\bienesraices\admin\index.php on line 79
[22-Mar-2024 22:07:47 UTC] PHP Warning:  Undefined array key "imagen" in C:\Users\USUARIO\OneDrive\Documentos\code\proyecto carlitos\bienesraices\admin\index.php on line 79
[22-Mar-2024 22:07:47 UTC] PHP Deprecated:  pathinfo(): Passing null to parameter #1 ($path) of type string is deprecated in C:\Users\USUARIO\OneDrive\Documentos\code\proyecto carlitos\bienesraices\admin\index.php on line 79
[22-Mar-2024 22:07:48 UTC] PHP Warning:  Undefined array key "imagen" in C:\Users\USUARIO\OneDrive\Documentos\code\proyecto carlitos\bienesraices\admin\index.php on line 79
[22-Mar-2024 22:07:48 UTC] PHP Deprecated:  pathinfo(): Passing null to parameter #1 ($path) of type string is deprecated in C:\Users\USUARIO\OneDrive\Documentos\code\proyecto carlitos\bienesraices\admin\index.php on line 79
[22-Mar-2024 22:07:48 UTC] PHP Warning:  Undefined array key "imagen" in C:\Users\USUARIO\OneDrive\Documentos\code\proyecto carlitos\bienesraices\admin\index.php on line 79
[22-Mar-2024 22:07:48 UTC] PHP Deprecated:  pathinfo(): Passing null to parameter #1 ($path) of type string is deprecated in C:\Users\USUARIO\OneDrive\Documentos\code\proyecto carlitos\bienesraices\admin\index.php on line 79
[22-Mar-2024 22:07:48 UTC] PHP Warning:  Undefined array key "imagen" in C:\Users\USUARIO\OneDrive\Documentos\code\proyecto carlitos\bienesraices\admin\index.php on line 79
[22-Mar-2024 22:07:48 UTC] PHP Deprecated:  pathinfo(): Passing null to parameter #1 ($path) of type string is deprecated in C:\Users\USUARIO\OneDrive\Documentos\code\proyecto carlitos\bienesraices\admin\index.php on line 79
[22-Mar-2024 22:07:48 UTC] PHP Warning:  Undefined array key "imagen" in C:\Users\USUARIO\OneDrive\Documentos\code\proyecto carlitos\bienesraices\admin\index.php on line 79
[22-Mar-2024 22:07:48 UTC] PHP Deprecated:  pathinfo(): Passing null to parameter #1 ($path) of type string is deprecated in C:\Users\USUARIO\OneDrive\Documentos\code\proyecto carlitos\bienesraices\admin\index.php on line 79
[22-Mar-2024 22:07:48 UTC] PHP Warning:  Undefined array key "imagen" in C:\Users\USUARIO\OneDrive\Documentos\code\proyecto carlitos\bienesraices\admin\index.php on line 79
[22-Mar-2024 22:07:48 UTC] PHP Deprecated:  pathinfo(): Passing null to parameter #1 ($path) of type string is deprecated in C:\Users\USUARIO\OneDrive\Documentos\code\proyecto carlitos\bienesraices\admin\index.php on line 79
[22-Mar-2024 22:07:48 UTC] PHP Warning:  Undefined array key "imagen" in C:\Users\USUARIO\OneDrive\Documentos\code\proyecto carlitos\bienesraices\admin\index.php on line 79
[22-Mar-2024 22:07:48 UTC] PHP Deprecated:  pathinfo(): Passing null to parameter #1 ($path) of type string is deprecated in C:\Users\USUARIO\OneDrive\Documentos\code\proyecto carlitos\bienesraices\admin\index.php on line 79
[22-Mar-2024 22:07:48 UTC] PHP Warning:  Undefined array key "imagen" in C:\Users\USUARIO\OneDrive\Documentos\code\proyecto carlitos\bienesraices\admin\index.php on line 79
[22-Mar-2024 22:07:48 UTC] PHP Deprecated:  pathinfo(): Passing null to parameter #1 ($path) of type string is deprecated in C:\Users\USUARIO\OneDrive\Documentos\code\proyecto carlitos\bienesraices\admin\index.php on line 79
[22-Mar-2024 22:07:48 UTC] PHP Warning:  Undefined array key "imagen" in C:\Users\USUARIO\OneDrive\Documentos\code\proyecto carlitos\bienesraices\admin\index.php on line 79
[22-Mar-2024 22:07:48 UTC] PHP Deprecated:  pathinfo(): Passing null to parameter #1 ($path) of type string is deprecated in C:\Users\USUARIO\OneDrive\Documentos\code\proyecto carlitos\bienesraices\admin\index.php on line 79
[22-Mar-2024 22:07:48 UTC] PHP Warning:  Undefined array key "imagen" in C:\Users\USUARIO\OneDrive\Documentos\code\proyecto carlitos\bienesraices\admin\index.php on line 79
[22-Mar-2024 22:07:48 UTC] PHP Deprecated:  pathinfo(): Passing null to parameter #1 ($path) of type string is deprecated in C:\Users\USUARIO\OneDrive\Documentos\code\proyecto carlitos\bienesraices\admin\index.php on line 79
[22-Mar-2024 22:07:48 UTC] PHP Warning:  Undefined array key "imagen" in C:\Users\USUARIO\OneDrive\Documentos\code\proyecto carlitos\bienesraices\admin\index.php on line 79
[22-Mar-2024 22:07:48 UTC] PHP Deprecated:  pathinfo(): Passing null to parameter #1 ($path) of type string is deprecated in C:\Users\USUARIO\OneDrive\Documentos\code\proyecto carlitos\bienesraices\admin\index.php on line 79
[22-Mar-2024 22:07:48 UTC] PHP Warning:  Undefined array key "imagen" in C:\Users\USUARIO\OneDrive\Documentos\code\proyecto carlitos\bienesraices\admin\index.php on line 79
[22-Mar-2024 22:07:48 UTC] PHP Deprecated:  pathinfo(): Passing null to parameter #1 ($path) of type string is deprecated in C:\Users\USUARIO\OneDrive\Documentos\code\proyecto carlitos\bienesraices\admin\index.php on line 79
[22-Mar-2024 22:07:48 UTC] PHP Warning:  Undefined array key "imagen" in C:\Users\USUARIO\OneDrive\Documentos\code\proyecto carlitos\bienesraices\admin\index.php on line 79
[22-Mar-2024 22:07:48 UTC] PHP Deprecated:  pathinfo(): Passing null to parameter #1 ($path) of type string is deprecated in C:\Users\USUARIO\OneDrive\Documentos\code\proyecto carlitos\bienesraices\admin\index.php on line 79
[22-Mar-2024 22:07:48 UTC] PHP Warning:  Undefined array key "imagen" in C:\Users\USUARIO\OneDrive\Documentos\code\proyecto carlitos\bienesraices\admin\index.php on line 79
[22-Mar-2024 22:07:48 UTC] PHP Deprecated:  pathinfo(): Passing null to parameter #1 ($path) of type string is deprecated in C:\Users\USUARIO\OneDrive\Documentos\code\proyecto carlitos\bienesraices\admin\index.php on line 79
[22-Mar-2024 22:07:48 UTC] PHP Warning:  Undefined array key "imagen" in C:\Users\USUARIO\OneDrive\Documentos\code\proyecto carlitos\bienesraices\admin\index.php on line 79
[22-Mar-2024 22:07:48 UTC] PHP Deprecated:  pathinfo(): Passing null to parameter #1 ($path) of type string is deprecated in C:\Users\USUARIO\OneDrive\Documentos\code\proyecto carlitos\bienesraices\admin\index.php on line 79
[22-Mar-2024 22:07:48 UTC] PHP Warning:  Undefined array key "imagen" in C:\Users\USUARIO\OneDrive\Documentos\code\proyecto carlitos\bienesraices\admin\index.php on line 79
[22-Mar-2024 22:07:48 UTC] PHP Deprecated:  pathinfo(): Passing null to parameter #1 ($path) of type string is deprecated in C:\Users\USUARIO\OneDrive\Documentos\code\proyecto carlitos\bienesraices\admin\index.php on line 79
[22-Mar-2024 22:07:48 UTC] PHP Warning:  Undefined array key "imagen" in C:\Users\USUARIO\OneDrive\Documentos\code\proyecto carlitos\bienesraices\admin\index.php on line 79
[22-Mar-2024 22:07:48 UTC] PHP Deprecated:  pathinfo(): Passing null to parameter #1 ($path) of type string is deprecated in C:\Users\USUARIO\OneDrive\Documentos\code\proyecto carlitos\bienesraices\admin\index.php on line 79
[22-Mar-2024 22:07:48 UTC] PHP Warning:  Undefined array key "imagen" in C:\Users\USUARIO\OneDrive\Documentos\code\proyecto carlitos\bienesraices\admin\index.php on line 79
[22-Mar-2024 22:07:48 UTC] PHP Deprecated:  pathinfo(): Passing null to parameter #1 ($path) of type string is deprecated in C:\Users\USUARIO\OneDrive\Documentos\code\proyecto carlitos\bienesraices\admin\index.php on line 79
[22-Mar-2024 22:07:48 UTC] PHP Warning:  Undefined array key "imagen" in C:\Users\USUARIO\OneDrive\Documentos\code\proyecto carlitos\bienesraices\admin\index.php on line 79
[22-Mar-2024 22:07:48 UTC] PHP Deprecated:  pathinfo(): Passing null to parameter #1 ($path) of type string is deprecated in C:\Users\USUARIO\OneDrive\Documentos\code\proyecto carlitos\bienesraices\admin\index.php on line 79
[22-Mar-2024 22:07:48 UTC] PHP Warning:  Undefined array key "imagen" in C:\Users\USUARIO\OneDrive\Documentos\code\proyecto carlitos\bienesraices\admin\index.php on line 79
[22-Mar-2024 22:07:48 UTC] PHP Deprecated:  pathinfo(): Passing null to parameter #1 ($path) of type string is deprecated in C:\Users\USUARIO\OneDrive\Documentos\code\proyecto carlitos\bienesraices\admin\index.php on line 79
[22-Mar-2024 22:07:48 UTC] PHP Warning:  Undefined array key "imagen" in C:\Users\USUARIO\OneDrive\Documentos\code\proyecto carlitos\bienesraices\admin\index.php on line 79
[22-Mar-2024 22:07:48 UTC] PHP Deprecated:  pathinfo(): Passing null to parameter #1 ($path) of type string is deprecated in C:\Users\USUARIO\OneDrive\Documentos\code\proyecto carlitos\bienesraices\admin\index.php on line 79
[22-Mar-2024 22:07:48 UTC] PHP Warning:  Undefined array key "imagen" in C:\Users\USUARIO\OneDrive\Documentos\code\proyecto carlitos\bienesraices\admin\index.php on line 79
[22-Mar-2024 22:07:48 UTC] PHP Deprecated:  pathinfo(): Passing null to parameter #1 ($path) of type string is deprecated in C:\Users\USUARIO\OneDrive\Documentos\code\proyecto carlitos\bienesraices\admin\index.php on line 79
[22-Mar-2024 22:07:48 UTC] PHP Warning:  Undefined array key "imagen" in C:\Users\USUARIO\OneDrive\Documentos\code\proyecto carlitos\bienesraices\admin\index.php on line 79
[22-Mar-2024 22:07:48 UTC] PHP Deprecated:  pathinfo(): Passing null to parameter #1 ($path) of type string is deprecated in C:\Users\USUARIO\OneDrive\Documentos\code\proyecto carlitos\bienesraices\admin\index.php on line 79
[22-Mar-2024 22:07:48 UTC] PHP Warning:  Undefined array key "imagen" in C:\Users\USUARIO\OneDrive\Documentos\code\proyecto carlitos\bienesraices\admin\index.php on line 79
[22-Mar-2024 22:07:48 UTC] PHP Deprecated:  pathinfo(): Passing null to parameter #1 ($path) of type string is deprecated in C:\Users\USUARIO\OneDrive\Documentos\code\proyecto carlitos\bienesraices\admin\index.php on line 79
[22-Mar-2024 22:07:48 UTC] PHP Warning:  Undefined array key "imagen" in C:\Users\USUARIO\OneDrive\Documentos\code\proyecto carlitos\bienesraices\admin\index.php on line 79
[22-Mar-2024 22:07:48 UTC] PHP Deprecated:  pathinfo(): Passing null to parameter #1 ($path) of type string is deprecated in C:\Users\USUARIO\OneDrive\Documentos\code\proyecto carlitos\bienesraices\admin\index.php on line 79
[22-Mar-2024 22:07:49 UTC] PHP Warning:  Undefined array key "imagen" in C:\Users\USUARIO\OneDrive\Documentos\code\proyecto carlitos\bienesraices\admin\index.php on line 79
[22-Mar-2024 22:07:49 UTC] PHP Deprecated:  pathinfo(): Passing null to parameter #1 ($path) of type string is deprecated in C:\Users\USUARIO\OneDrive\Documentos\code\proyecto carlitos\bienesraices\admin\index.php on line 79
[22-Mar-2024 22:07:49 UTC] PHP Warning:  Undefined array key "imagen" in C:\Users\USUARIO\OneDrive\Documentos\code\proyecto carlitos\bienesraices\admin\index.php on line 79
[22-Mar-2024 22:07:49 UTC] PHP Deprecated:  pathinfo(): Passing null to parameter #1 ($path) of type string is deprecated in C:\Users\USUARIO\OneDrive\Documentos\code\proyecto carlitos\bienesraices\admin\index.php on line 79
[22-Mar-2024 22:07:49 UTC] PHP Warning:  Undefined array key "imagen" in C:\Users\USUARIO\OneDrive\Documentos\code\proyecto carlitos\bienesraices\admin\index.php on line 79
[22-Mar-2024 22:07:49 UTC] PHP Deprecated:  pathinfo(): Passing null to parameter #1 ($path) of type string is deprecated in C:\Users\USUARIO\OneDrive\Documentos\code\proyecto carlitos\bienesraices\admin\index.php on line 79
[22-Mar-2024 22:07:49 UTC] PHP Warning:  Undefined array key "imagen" in C:\Users\USUARIO\OneDrive\Documentos\code\proyecto carlitos\bienesraices\admin\index.php on line 79
[22-Mar-2024 22:07:49 UTC] PHP Deprecated:  pathinfo(): Passing null to parameter #1 ($path) of type string is deprecated in C:\Users\USUARIO\OneDrive\Documentos\code\proyecto carlitos\bienesraices\admin\index.php on line 79
[22-Mar-2024 22:07:49 UTC] PHP Warning:  Undefined array key "imagen" in C:\Users\USUARIO\OneDrive\Documentos\code\proyecto carlitos\bienesraices\admin\index.php on line 79
[22-Mar-2024 22:07:49 UTC] PHP Deprecated:  pathinfo(): Passing null to parameter #1 ($path) of type string is deprecated in C:\Users\USUARIO\OneDrive\Documentos\code\proyecto carlitos\bienesraices\admin\index.php on line 79
[22-Mar-2024 22:07:49 UTC] PHP Warning:  Undefined array key "imagen" in C:\Users\USUARIO\OneDrive\Documentos\code\proyecto carlitos\bienesraices\admin\index.php on line 79
[22-Mar-2024 22:07:49 UTC] PHP Deprecated:  pathinfo(): Passing null to parameter #1 ($path) of type string is deprecated in C:\Users\USUARIO\OneDrive\Documentos\code\proyecto carlitos\bienesraices\admin\index.php on line 79
[22-Mar-2024 22:07:49 UTC] PHP Warning:  Undefined array key "imagen" in C:\Users\USUARIO\OneDrive\Documentos\code\proyecto carlitos\bienesraices\admin\index.php on line 79
[22-Mar-2024 22:07:49 UTC] PHP Deprecated:  pathinfo(): Passing null to parameter #1 ($path) of type string is deprecated in C:\Users\USUARIO\OneDrive\Documentos\code\proyecto carlitos\bienesraices\admin\index.php on line 79
[22-Mar-2024 22:07:49 UTC] PHP Warning:  Undefined array key "imagen" in C:\Users\USUARIO\OneDrive\Documentos\code\proyecto carlitos\bienesraices\admin\index.php on line 79
[22-Mar-2024 22:07:49 UTC] PHP Deprecated:  pathinfo(): Passing null to parameter #1 ($path) of type string is deprecated in C:\Users\USUARIO\OneDrive\Documentos\code\proyecto carlitos\bienesraices\admin\index.php on line 79
[22-Mar-2024 22:07:49 UTC] PHP Warning:  Undefined array key "imagen" in C:\Users\USUARIO\OneDrive\Documentos\code\proyecto carlitos\bienesraices\admin\index.php on line 79
[22-Mar-2024 22:07:49 UTC] PHP Deprecated:  pathinfo(): Passing null to parameter #1 ($path) of type string is deprecated in C:\Users\USUARIO\OneDrive\Documentos\code\proyecto carlitos\bienesraices\admin\index.php on line 79
[22-Mar-2024 22:07:49 UTC] PHP Warning:  Undefined array key "imagen" in C:\Users\USUARIO\OneDrive\Documentos\code\proyecto carlitos\bienesraices\admin\index.php on line 79
[22-Mar-2024 22:07:49 UTC] PHP Deprecated:  pathinfo(): Passing null to parameter #1 ($path) of type string is deprecated in C:\Users\USUARIO\OneDrive\Documentos\code\proyecto carlitos\bienesraices\admin\index.php on line 79
[22-Mar-2024 22:07:49 UTC] PHP Warning:  Undefined array key "imagen" in C:\Users\USUARIO\OneDrive\Documentos\code\proyecto carlitos\bienesraices\admin\index.php on line 79
[22-Mar-2024 22:07:49 UTC] PHP Deprecated:  pathinfo(): Passing null to parameter #1 ($path) of type string is deprecated in C:\Users\USUARIO\OneDrive\Documentos\code\proyecto carlitos\bienesraices\admin\index.php on line 79
[22-Mar-2024 22:07:49 UTC] PHP Warning:  Undefined array key "imagen" in C:\Users\USUARIO\OneDrive\Documentos\code\proyecto carlitos\bienesraices\admin\index.php on line 79
[22-Mar-2024 22:07:49 UTC] PHP Deprecated:  pathinfo(): Passing null to parameter #1 ($path) of type string is deprecated in C:\Users\USUARIO\OneDrive\Documentos\code\proyecto carlitos\bienesraices\admin\index.php on line 79
[22-Mar-2024 22:07:49 UTC] PHP Warning:  Undefined array key "imagen" in C:\Users\USUARIO\OneDrive\Documentos\code\proyecto carlitos\bienesraices\admin\index.php on line 79
[22-Mar-2024 22:07:49 UTC] PHP Deprecated:  pathinfo(): Passing null to parameter #1 ($path) of type string is deprecated in C:\Users\USUARIO\OneDrive\Documentos\code\proyecto carlitos\bienesraices\admin\index.php on line 79
[22-Mar-2024 22:07:49 UTC] PHP Warning:  Undefined array key "imagen" in C:\Users\USUARIO\OneDrive\Documentos\code\proyecto carlitos\bienesraices\admin\index.php on line 79
[22-Mar-2024 22:07:49 UTC] PHP Deprecated:  pathinfo(): Passing null to parameter #1 ($path) of type string is deprecated in C:\Users\USUARIO\OneDrive\Documentos\code\proyecto carlitos\bienesraices\admin\index.php on line 79
[22-Mar-2024 22:07:49 UTC] PHP Warning:  Undefined array key "imagen" in C:\Users\USUARIO\OneDrive\Documentos\code\proyecto carlitos\bienesraices\admin\index.php on line 79
[22-Mar-2024 22:07:49 UTC] PHP Deprecated:  pathinfo(): Passing null to parameter #1 ($path) of type string is deprecated in C:\Users\USUARIO\OneDrive\Documentos\code\proyecto carlitos\bienesraices\admin\index.php on line 79
[22-Mar-2024 22:07:49 UTC] PHP Warning:  Undefined array key "imagen" in C:\Users\USUARIO\OneDrive\Documentos\code\proyecto carlitos\bienesraices\admin\index.php on line 79
[22-Mar-2024 22:07:49 UTC] PHP Deprecated:  pathinfo(): Passing null to parameter #1 ($path) of type string is deprecated in C:\Users\USUARIO\OneDrive\Documentos\code\proyecto carlitos\bienesraices\admin\index.php on line 79
[22-Mar-2024 22:07:49 UTC] PHP Warning:  Undefined array key "imagen" in C:\Users\USUARIO\OneDrive\Documentos\code\proyecto carlitos\bienesraices\admin\index.php on line 79
[22-Mar-2024 22:07:49 UTC] PHP Deprecated:  pathinfo(): Passing null to parameter #1 ($path) of type string is deprecated in C:\Users\USUARIO\OneDrive\Documentos\code\proyecto carlitos\bienesraices\admin\index.php on line 79
[22-Mar-2024 22:07:49 UTC] PHP Warning:  Undefined array key "imagen" in C:\Users\USUARIO\OneDrive\Documentos\code\proyecto carlitos\bienesraices\admin\index.php on line 79
[22-Mar-2024 22:07:49 UTC] PHP Deprecated:  pathinfo(): Passing null to parameter #1 ($path) of type string is deprecated in C:\Users\USUARIO\OneDrive\Documentos\code\proyecto carlitos\bienesraices\admin\index.php on line 79
[22-Mar-2024 22:23:44 UTC] PHP Warning:  Undefined array key "login" in C:\Users\USUARIO\OneDrive\Documentos\code\proyecto carlitos\bienesraices\includes\funciones.php on line 16
[22-Mar-2024 22:27:00 UTC] PHP Warning:  Undefined array key "imagen" in C:\Users\USUARIO\OneDrive\Documentos\code\proyecto carlitos\bienesraices\admin\index.php on line 80
[22-Mar-2024 22:27:00 UTC] PHP Deprecated:  pathinfo(): Passing null to parameter #1 ($path) of type string is deprecated in C:\Users\USUARIO\OneDrive\Documentos\code\proyecto carlitos\bienesraices\admin\index.php on line 80
[22-Mar-2024 22:27:00 UTC] PHP Warning:  Undefined array key "imagen" in C:\Users\USUARIO\OneDrive\Documentos\code\proyecto carlitos\bienesraices\admin\index.php on line 80
[22-Mar-2024 22:27:00 UTC] PHP Deprecated:  pathinfo(): Passing null to parameter #1 ($path) of type string is deprecated in C:\Users\USUARIO\OneDrive\Documentos\code\proyecto carlitos\bienesraices\admin\index.php on line 80
[22-Mar-2024 22:27:00 UTC] PHP Warning:  Undefined array key "imagen" in C:\Users\USUARIO\OneDrive\Documentos\code\proyecto carlitos\bienesraices\admin\index.php on line 80
[22-Mar-2024 22:27:00 UTC] PHP Deprecated:  pathinfo(): Passing null to parameter #1 ($path) of type string is deprecated in C:\Users\USUARIO\OneDrive\Documentos\code\proyecto carlitos\bienesraices\admin\index.php on line 80
[22-Mar-2024 22:27:00 UTC] PHP Warning:  Undefined array key "imagen" in C:\Users\USUARIO\OneDrive\Documentos\code\proyecto carlitos\bienesraices\admin\index.php on line 80
[22-Mar-2024 22:27:00 UTC] PHP Deprecated:  pathinfo(): Passing null to parameter #1 ($path) of type string is deprecated in C:\Users\USUARIO\OneDrive\Documentos\code\proyecto carlitos\bienesraices\admin\index.php on line 80
[22-Mar-2024 22:27:00 UTC] PHP Warning:  Undefined array key "imagen" in C:\Users\USUARIO\OneDrive\Documentos\code\proyecto carlitos\bienesraices\admin\index.php on line 80
[22-Mar-2024 22:27:00 UTC] PHP Deprecated:  pathinfo(): Passing null to parameter #1 ($path) of type string is deprecated in C:\Users\USUARIO\OneDrive\Documentos\code\proyecto carlitos\bienesraices\admin\index.php on line 80
[22-Mar-2024 22:27:00 UTC] PHP Warning:  Undefined array key "imagen" in C:\Users\USUARIO\OneDrive\Documentos\code\proyecto carlitos\bienesraices\admin\index.php on line 80
[22-Mar-2024 22:27:00 UTC] PHP Deprecated:  pathinfo(): Passing null to parameter #1 ($path) of type string is deprecated in C:\Users\USUARIO\OneDrive\Documentos\code\proyecto carlitos\bienesraices\admin\index.php on line 80
[29-Mar-2024 21:11:11 UTC] PHP Warning:  Undefined array key "login" in C:\Users\USUARIO\OneDrive\Documentos\code\proyecto carlitos\bienesraices\includes\funciones.php on line 16
